#
# There is insufficient memory for the Java Runtime Environment to continue.
# Native memory allocation (malloc) failed to allocate 35936 bytes. Error detail: Chunk::new
# Possible reasons:
#   The system is out of physical RAM or swap space
#   This process is running with CompressedOops enabled, and the Java Heap may be blocking the growth of the native heap
# Possible solutions:
#   Reduce memory load on the system
#   Increase physical memory or swap space
#   Check if swap backing store is full
#   Decrease Java heap size (-Xmx/-Xms)
#   Decrease number of Java threads
#   Decrease Java thread stack sizes (-Xss)
#   Set larger code cache with -XX:ReservedCodeCacheSize=
#   JVM is running with Unscaled Compressed Oops mode in which the Java heap is
#     placed in the first 4GB address space. The Java Heap base address is the
#     maximum limit for the native heap growth. Please use -XX:HeapBaseMinAddress
#     to set the Java Heap base and to place the Java Heap above 4GB virtual address.
# This output file may be truncated or incomplete.
#
#  Out of Memory Error (arena.cpp:168), pid=13084, tid=2312
#
# JRE version: OpenJDK Runtime Environment Temurin-21.0.8+9 (21.0.8+9) (build 21.0.8+9-LTS)
# Java VM: OpenJDK 64-Bit Server VM Temurin-21.0.8+9 (21.0.8+9-LTS, mixed mode, sharing, tiered, compressed oops, compressed class ptrs, parallel gc, windows-amd64)
# No core dump will be written. Minidumps are not enabled by default on client versions of Windows
#

---------------  S U M M A R Y ------------

Command Line: --add-modules=ALL-SYSTEM --add-opens=java.base/java.util=ALL-UNNAMED --add-opens=java.base/java.lang=ALL-UNNAMED --add-opens=java.base/sun.nio.fs=ALL-UNNAMED -Declipse.application=org.eclipse.jdt.ls.core.id1 -Dosgi.bundles.defaultStartLevel=4 -Declipse.product=org.eclipse.jdt.ls.core.product -Djava.import.generatesMetadataFilesAtProjectRoot=false -DDetectVMInstallationsJob.disabled=true -Dfile.encoding=utf8 -XX:+UseParallelGC -XX:GCTimeRatio=4 -XX:AdaptiveSizePolicyWeight=90 -Dsun.zip.disableMemoryMapping=true -Xmx2G -Xms100m -Xlog:disable -javaagent:c:\Users\veera\.vscode\extensions\redhat.java-1.46.0-win32-x64\lombok\lombok-1.18.39-4050.jar -XX:+HeapDumpOnOutOfMemoryError -XX:HeapDumpPath=c:\Users\veera\AppData\Roaming\Code\User\workspaceStorage\4664bf4f91756e4c6c0a358fac8c7134\redhat.java -Daether.dependencyCollector.impl=bf c:\Users\veera\.vscode\extensions\redhat.java-1.46.0-win32-x64\server\plugins\org.eclipse.equinox.launcher_1.7.0.v20250519-0528.jar -configuration c:\Users\veera\AppData\Roaming\Code\User\globalStorage\redhat.java\1.46.0\config_win -data c:\Users\veera\AppData\Roaming\Code\User\workspaceStorage\4664bf4f91756e4c6c0a358fac8c7134\redhat.java\jdt_ws --pipe=\\.\pipe\lsp-78dbb1f534a5d2cc46ef128f45fcfae8-sock

Host: AMD Ryzen 5 5600H with Radeon Graphics         , 12 cores, 7G,  Windows 11 , 64 bit Build 26100 (10.0.26100.4768)
Time: Thu Oct 16 05:54:43 2025 India Standard Time elapsed time: 4.206429 seconds (0d 0h 0m 4s)

---------------  T H R E A D  ---------------

Current thread (0x000001d57983b890):  JavaThread "C2 CompilerThread2" daemon [_thread_in_native, id=2312, stack(0x0000009a72f00000,0x0000009a73000000) (1024K)]


Current CompileTask:
C2:4206 1890  s    4       java.io.ByteArrayOutputStream::write (32 bytes)

Stack: [0x0000009a72f00000,0x0000009a73000000]
Native frames: (J=compiled Java code, j=interpreted, Vv=VM code, C=native code)
V  [jvm.dll+0x6d2449]
V  [jvm.dll+0x8ae341]
V  [jvm.dll+0x8b08be]
V  [jvm.dll+0x8b0fa3]
V  [jvm.dll+0x280c96]
V  [jvm.dll+0xc581d]
V  [jvm.dll+0xc5d53]
V  [jvm.dll+0x2f539d]
V  [jvm.dll+0x5fa00a]
V  [jvm.dll+0x252092]
V  [jvm.dll+0x25244f]
V  [jvm.dll+0x24ad14]
V  [jvm.dll+0x2483a4]
V  [jvm.dll+0x1c89ee]
V  [jvm.dll+0x257d4d]
V  [jvm.dll+0x2562ea]
V  [jvm.dll+0x3f2d16]
V  [jvm.dll+0x857e6b]
V  [jvm.dll+0x6d0b0d]
C  [ucrtbase.dll+0x37b0]
C  [KERNEL32.DLL+0x2e8d7]
C  [ntdll.dll+0x3c34c]


---------------  P R O C E S S  ---------------

Threads class SMR info:
_java_thread_list=0x000001d579b638c0, length=17, elements={
0x000001d56099d990, 0x000001d560904310, 0x000001d560907590, 0x000001d56090b3c0,
0x000001d56090d320, 0x000001d56090e120, 0x000001d578455240, 0x000001d578457c90,
0x000001d57845d930, 0x000001d578562780, 0x000001d5786ccc40, 0x000001d5786fec10,
0x000001d57983b890, 0x000001d579d6da40, 0x000001d57e3ce470, 0x000001d5787e9080,
0x000001d57e417030
}

Java Threads: ( => current thread )
  0x000001d56099d990 JavaThread "main"                              [_thread_blocked, id=14356, stack(0x0000009a72000000,0x0000009a72100000) (1024K)]
  0x000001d560904310 JavaThread "Reference Handler"          daemon [_thread_blocked, id=21120, stack(0x0000009a72400000,0x0000009a72500000) (1024K)]
  0x000001d560907590 JavaThread "Finalizer"                  daemon [_thread_blocked, id=19872, stack(0x0000009a72500000,0x0000009a72600000) (1024K)]
  0x000001d56090b3c0 JavaThread "Signal Dispatcher"          daemon [_thread_blocked, id=14276, stack(0x0000009a72600000,0x0000009a72700000) (1024K)]
  0x000001d56090d320 JavaThread "Attach Listener"            daemon [_thread_blocked, id=1708, stack(0x0000009a72700000,0x0000009a72800000) (1024K)]
  0x000001d56090e120 JavaThread "Service Thread"             daemon [_thread_blocked, id=17660, stack(0x0000009a72800000,0x0000009a72900000) (1024K)]
  0x000001d578455240 JavaThread "Monitor Deflation Thread"   daemon [_thread_blocked, id=5188, stack(0x0000009a72900000,0x0000009a72a00000) (1024K)]
  0x000001d578457c90 JavaThread "C2 CompilerThread0"         daemon [_thread_blocked, id=19616, stack(0x0000009a72a00000,0x0000009a72b00000) (1024K)]
  0x000001d57845d930 JavaThread "C1 CompilerThread0"         daemon [_thread_blocked, id=22100, stack(0x0000009a72b00000,0x0000009a72c00000) (1024K)]
  0x000001d578562780 JavaThread "Common-Cleaner"             daemon [_thread_blocked, id=19672, stack(0x0000009a72c00000,0x0000009a72d00000) (1024K)]
  0x000001d5786ccc40 JavaThread "C2 CompilerThread1"         daemon [_thread_blocked, id=20676, stack(0x0000009a72d00000,0x0000009a72e00000) (1024K)]
  0x000001d5786fec10 JavaThread "Notification Thread"        daemon [_thread_blocked, id=2880, stack(0x0000009a72e00000,0x0000009a72f00000) (1024K)]
=>0x000001d57983b890 JavaThread "C2 CompilerThread2"         daemon [_thread_in_native, id=2312, stack(0x0000009a72f00000,0x0000009a73000000) (1024K)]
  0x000001d579d6da40 JavaThread "Active Thread: Equinox Container: fa02cac3-e948-4dbe-81b8-b34103e69044"        [_thread_blocked, id=22020, stack(0x0000009a73600000,0x0000009a73700000) (1024K)]
  0x000001d57e3ce470 JavaThread "Refresh Thread: Equinox Container: fa02cac3-e948-4dbe-81b8-b34103e69044" daemon [_thread_blocked, id=8008, stack(0x0000009a73800000,0x0000009a73900000) (1024K)]
  0x000001d5787e9080 JavaThread "Framework Event Dispatcher: Equinox Container: fa02cac3-e948-4dbe-81b8-b34103e69044" daemon [_thread_blocked, id=17224, stack(0x0000009a73900000,0x0000009a73a00000) (1024K)]
  0x000001d57e417030 JavaThread "Start Level: Equinox Container: fa02cac3-e948-4dbe-81b8-b34103e69044" daemon [_thread_in_Java, id=5632, stack(0x0000009a73a00000,0x0000009a73b00000) (1024K)]
Total: 17

Other Threads:
  0x000001d5608f49f0 VMThread "VM Thread"                           [id=18688, stack(0x0000009a72300000,0x0000009a72400000) (1024K)]
  0x000001d5607ebb20 WatcherThread "VM Periodic Task Thread"        [id=14536, stack(0x0000009a72200000,0x0000009a72300000) (1024K)]
  0x000001d5609b4740 WorkerThread "GC Thread#0"                     [id=9820, stack(0x0000009a72100000,0x0000009a72200000) (1024K)]
  0x000001d57999cba0 WorkerThread "GC Thread#1"                     [id=14232, stack(0x0000009a73000000,0x0000009a73100000) (1024K)]
  0x000001d579b68b20 WorkerThread "GC Thread#2"                     [id=14116, stack(0x0000009a73100000,0x0000009a73200000) (1024K)]
  0x000001d5798dd600 WorkerThread "GC Thread#3"                     [id=13832, stack(0x0000009a73200000,0x0000009a73300000) (1024K)]
  0x000001d5798dd9a0 WorkerThread "GC Thread#4"                     [id=10200, stack(0x0000009a73300000,0x0000009a73400000) (1024K)]
  0x000001d5798de150 WorkerThread "GC Thread#5"                     [id=14896, stack(0x0000009a73400000,0x0000009a73500000) (1024K)]
  0x000001d579aae770 WorkerThread "GC Thread#6"                     [id=19500, stack(0x0000009a73500000,0x0000009a73600000) (1024K)]
  0x000001d57e1deef0 WorkerThread "GC Thread#7"                     [id=14000, stack(0x0000009a73700000,0x0000009a73800000) (1024K)]
Total: 10

Threads with active compile tasks:
C2 CompilerThread2  4258 1890  s    4       java.io.ByteArrayOutputStream::write (32 bytes)
Total: 1

VM state: not at safepoint (normal execution)

VM Mutex/Monitor currently owned by a thread: None

Heap address: 0x0000000080000000, size: 2048 MB, Compressed Oops mode: 32-bit

CDS archive(s) mapped at: [0x000001d500000000-0x000001d500ba0000-0x000001d500ba0000), size 12189696, SharedBaseAddress: 0x000001d500000000, ArchiveRelocationMode: 1.
Compressed class space mapped at: 0x000001d501000000-0x000001d541000000, reserved size: 1073741824
Narrow klass base: 0x000001d500000000, Narrow klass shift: 0, Narrow klass range: 0x100000000

GC Precious Log:
 CardTable entry size: 512
 CPUs: 12 total, 12 available
 Memory: 7521M
 Large Page Support: Disabled
 NUMA Support: Disabled
 Compressed Oops: Enabled (32-bit)
 Alignments: Space 512K, Generation 512K, Heap 2M
 Heap Min Capacity: 100M
 Heap Initial Capacity: 100M
 Heap Max Capacity: 2G
 Pre-touch: Disabled
 Parallel Workers: 10

Heap:
 PSYoungGen      total 29696K, used 10296K [0x00000000d5580000, 0x00000000d7680000, 0x0000000100000000)
  eden space 25600K, 24% used [0x00000000d5580000,0x00000000d5b905a8,0x00000000d6e80000)
  from space 4096K, 99% used [0x00000000d7280000,0x00000000d767de08,0x00000000d7680000)
  to   space 4096K, 0% used [0x00000000d6e80000,0x00000000d6e80000,0x00000000d7280000)
 ParOldGen       total 68608K, used 1830K [0x0000000080000000, 0x0000000084300000, 0x00000000d5580000)
  object space 68608K, 2% used [0x0000000080000000,0x00000000801c9830,0x0000000084300000)
 Metaspace       used 8805K, committed 9088K, reserved 1114112K
  class space    used 937K, committed 1088K, reserved 1048576K

Card table byte_map: [0x000001d560300000,0x000001d560710000] _byte_map_base: 0x000001d55ff00000

Marking Bits: (ParMarkBitMap*) 0x00007ff9dc9fa340
 Begin Bits: [0x000001d572e00000, 0x000001d574e00000)
 End Bits:   [0x000001d574e00000, 0x000001d576e00000)

Polling page: 0x000001d55e590000

Metaspace:

Usage:
  Non-class:      7.68 MB used.
      Class:    937.64 KB used.
       Both:      8.60 MB used.

Virtual space:
  Non-class space:       64.00 MB reserved,       7.81 MB ( 12%) committed,  1 nodes.
      Class space:        1.00 GB reserved,       1.06 MB ( <1%) committed,  1 nodes.
             Both:        1.06 GB reserved,       8.88 MB ( <1%) committed. 

Chunk freelists:
   Non-Class:  8.20 MB
       Class:  14.81 MB
        Both:  23.02 MB

MaxMetaspaceSize: unlimited
CompressedClassSpaceSize: 1.00 GB
Initial GC threshold: 21.00 MB
Current GC threshold: 21.00 MB
CDS: on
 - commit_granule_bytes: 65536.
 - commit_granule_words: 8192.
 - virtual_space_node_default_size: 8388608.
 - enlarge_chunks_in_place: 1.
 - use_allocation_guard: 0.


Internal statistics:

num_allocs_failed_limit: 0.
num_arena_births: 240.
num_arena_deaths: 0.
num_vsnodes_births: 2.
num_vsnodes_deaths: 0.
num_space_committed: 142.
num_space_uncommitted: 0.
num_chunks_returned_to_freelist: 0.
num_chunks_taken_from_freelist: 468.
num_chunk_merges: 0.
num_chunk_splits: 296.
num_chunks_enlarged: 204.
num_inconsistent_stats: 0.

CodeHeap 'non-profiled nmethods': size=120000Kb used=832Kb max_used=832Kb free=119167Kb
 bounds [0x000001d56b620000, 0x000001d56b890000, 0x000001d572b50000]
CodeHeap 'profiled nmethods': size=120000Kb used=3438Kb max_used=3438Kb free=116562Kb
 bounds [0x000001d563b50000, 0x000001d563eb0000, 0x000001d56b080000]
CodeHeap 'non-nmethods': size=5760Kb used=1217Kb max_used=1236Kb free=4542Kb
 bounds [0x000001d56b080000, 0x000001d56b2f0000, 0x000001d56b620000]
CodeCache: size=245760Kb, used=5487Kb, max_used=5506Kb, free=240271Kb
 total_blobs=2388, nmethods=1904, adapters=391, full_count=0
Compilation: enabled, stopped_count=0, restarted_count=0

Compilation events (20 events):
Event: 1.355 Thread 0x000001d57845d930 nmethod 1882 0x000001d563e9e890 code [0x000001d563e9ea40, 0x000001d563e9ec60]
Event: 1.356 Thread 0x000001d57845d930 1883   !   3       java.lang.invoke.MemberName::clone (14 bytes)
Event: 1.356 Thread 0x000001d57845d930 nmethod 1883 0x000001d563e9ed90 code [0x000001d563e9ef60, 0x000001d563e9f2b8]
Event: 1.360 Thread 0x000001d57983b890 1884       4       java.lang.StringLatin1::indexOf (121 bytes)
Event: 1.364 Thread 0x000001d57983b890 nmethod 1884 0x000001d56b6ee810 code [0x000001d56b6ee9a0, 0x000001d56b6eec70]
Event: 1.364 Thread 0x000001d57845d930 1885       3       java.util.concurrent.locks.AbstractQueuedSynchronizer::releaseShared (19 bytes)
Event: 1.364 Thread 0x000001d57845d930 nmethod 1885 0x000001d563e9f410 code [0x000001d563e9f620, 0x000001d563e9fc38]
Event: 1.366 Thread 0x000001d57845d930 1886       3       java.lang.invoke.MethodHandleNatives::refKindHasReceiver (33 bytes)
Event: 1.366 Thread 0x000001d57845d930 nmethod 1886 0x000001d563e9fe10 code [0x000001d563e9ffa0, 0x000001d563ea00f0]
Event: 1.371 Thread 0x000001d57845d930 1887       3       org.eclipse.osgi.internal.framework.EquinoxBundle::getState (101 bytes)
Event: 1.371 Thread 0x000001d57845d930 nmethod 1887 0x000001d563ea0190 code [0x000001d563ea0400, 0x000001d563ea0d78]
Event: 1.371 Thread 0x000001d57845d930 1888   !   3       org.eclipse.osgi.internal.framework.EquinoxBundle::$SWITCH_TABLE$org$eclipse$osgi$container$Module$State (115 bytes)
Event: 1.372 Thread 0x000001d57845d930 nmethod 1888 0x000001d563ea1110 code [0x000001d563ea1300, 0x000001d563ea1858]
Event: 1.373 Thread 0x000001d5786ccc40 1889       4       java.io.ByteArrayOutputStream::ensureCapacity (32 bytes)
Event: 1.373 Thread 0x000001d57983b890 1890  s    4       java.io.ByteArrayOutputStream::write (32 bytes)
Event: 1.374 Thread 0x000001d57845d930 1891   !   3       java.io.BufferedInputStream::mark (62 bytes)
Event: 1.374 Thread 0x000001d57845d930 nmethod 1891 0x000001d563ea1a90 code [0x000001d563ea1d20, 0x000001d563ea29d0]
Event: 1.374 Thread 0x000001d57845d930 1893       3       java.util.concurrent.locks.ReentrantReadWriteLock$Sync::tryAcquireShared (177 bytes)
Event: 1.375 Thread 0x000001d57845d930 nmethod 1893 0x000001d563ea2e10 code [0x000001d563ea30a0, 0x000001d563ea3eb8]
Event: 3.397 Thread 0x000001d57845d930 1892       3       java.io.BufferedInputStream::implMark (14 bytes)

GC Heap History (4 events):
Event: 0.686 GC heap before
{Heap before GC invocations=1 (full 0):
 PSYoungGen      total 29696K, used 25600K [0x00000000d5580000, 0x00000000d7680000, 0x0000000100000000)
  eden space 25600K, 100% used [0x00000000d5580000,0x00000000d6e80000,0x00000000d6e80000)
  from space 4096K, 0% used [0x00000000d7280000,0x00000000d7280000,0x00000000d7680000)
  to   space 4096K, 0% used [0x00000000d6e80000,0x00000000d6e80000,0x00000000d7280000)
 ParOldGen       total 68608K, used 0K [0x0000000080000000, 0x0000000084300000, 0x00000000d5580000)
  object space 68608K, 0% used [0x0000000080000000,0x0000000080000000,0x0000000084300000)
 Metaspace       used 4273K, committed 4544K, reserved 1114112K
  class space    used 469K, committed 576K, reserved 1048576K
}
Event: 0.691 GC heap after
{Heap after GC invocations=1 (full 0):
 PSYoungGen      total 29696K, used 3335K [0x00000000d5580000, 0x00000000d7680000, 0x0000000100000000)
  eden space 25600K, 0% used [0x00000000d5580000,0x00000000d5580000,0x00000000d6e80000)
  from space 4096K, 81% used [0x00000000d6e80000,0x00000000d71c1e18,0x00000000d7280000)
  to   space 4096K, 0% used [0x00000000d7280000,0x00000000d7280000,0x00000000d7680000)
 ParOldGen       total 68608K, used 16K [0x0000000080000000, 0x0000000084300000, 0x00000000d5580000)
  object space 68608K, 0% used [0x0000000080000000,0x0000000080004000,0x0000000084300000)
 Metaspace       used 4273K, committed 4544K, reserved 1114112K
  class space    used 469K, committed 576K, reserved 1048576K
}
Event: 1.288 GC heap before
{Heap before GC invocations=2 (full 0):
 PSYoungGen      total 29696K, used 28935K [0x00000000d5580000, 0x00000000d7680000, 0x0000000100000000)
  eden space 25600K, 100% used [0x00000000d5580000,0x00000000d6e80000,0x00000000d6e80000)
  from space 4096K, 81% used [0x00000000d6e80000,0x00000000d71c1e18,0x00000000d7280000)
  to   space 4096K, 0% used [0x00000000d7280000,0x00000000d7280000,0x00000000d7680000)
 ParOldGen       total 68608K, used 16K [0x0000000080000000, 0x0000000084300000, 0x00000000d5580000)
  object space 68608K, 0% used [0x0000000080000000,0x0000000080004000,0x0000000084300000)
 Metaspace       used 7941K, committed 8192K, reserved 1114112K
  class space    used 830K, committed 960K, reserved 1048576K
}
Event: 1.294 GC heap after
{Heap after GC invocations=2 (full 0):
 PSYoungGen      total 29696K, used 4087K [0x00000000d5580000, 0x00000000d7680000, 0x0000000100000000)
  eden space 25600K, 0% used [0x00000000d5580000,0x00000000d5580000,0x00000000d6e80000)
  from space 4096K, 99% used [0x00000000d7280000,0x00000000d767de08,0x00000000d7680000)
  to   space 4096K, 0% used [0x00000000d6e80000,0x00000000d6e80000,0x00000000d7280000)
 ParOldGen       total 68608K, used 1830K [0x0000000080000000, 0x0000000084300000, 0x00000000d5580000)
  object space 68608K, 2% used [0x0000000080000000,0x00000000801c9830,0x0000000084300000)
 Metaspace       used 7941K, committed 8192K, reserved 1114112K
  class space    used 830K, committed 960K, reserved 1048576K
}

Dll operation events (9 events):
Event: 0.016 Loaded shared library c:\Users\veera\.vscode\extensions\redhat.java-1.46.0-win32-x64\jre\21.0.8-win32-x86_64\bin\java.dll
Event: 0.101 Loaded shared library c:\Users\veera\.vscode\extensions\redhat.java-1.46.0-win32-x64\jre\21.0.8-win32-x86_64\bin\zip.dll
Event: 0.125 Loaded shared library C:\Users\veera\.vscode\extensions\redhat.java-1.46.0-win32-x64\jre\21.0.8-win32-x86_64\bin\instrument.dll
Event: 0.131 Loaded shared library C:\Users\veera\.vscode\extensions\redhat.java-1.46.0-win32-x64\jre\21.0.8-win32-x86_64\bin\net.dll
Event: 0.134 Loaded shared library C:\Users\veera\.vscode\extensions\redhat.java-1.46.0-win32-x64\jre\21.0.8-win32-x86_64\bin\nio.dll
Event: 0.139 Loaded shared library C:\Users\veera\.vscode\extensions\redhat.java-1.46.0-win32-x64\jre\21.0.8-win32-x86_64\bin\zip.dll
Event: 0.160 Loaded shared library C:\Users\veera\.vscode\extensions\redhat.java-1.46.0-win32-x64\jre\21.0.8-win32-x86_64\bin\jimage.dll
Event: 0.236 Loaded shared library c:\Users\veera\.vscode\extensions\redhat.java-1.46.0-win32-x64\jre\21.0.8-win32-x86_64\bin\verify.dll
Event: 1.305 Loaded shared library C:\Users\veera\AppData\Roaming\Code\User\globalStorage\redhat.java\1.46.0\config_win\org.eclipse.equinox.launcher\org.eclipse.equinox.launcher.win32.win32.x86_64_1.2.1400.v20250801-0854\eclipse_11916.dll

Deoptimization events (20 events):
Event: 1.307 Thread 0x000001d57e3ce470 Uncommon trap: trap_request=0xffffff45 fr.pc=0x000001d56b665840 relative=0x00000000000004c0
Event: 1.307 Thread 0x000001d57e3ce470 Uncommon trap: reason=unstable_if action=reinterpret pc=0x000001d56b665840 method=java.util.HashMap$HashIterator.<init>(Ljava/util/HashMap;)V @ 45 c2
Event: 1.307 Thread 0x000001d57e3ce470 DEOPT PACKING pc=0x000001d56b665840 sp=0x0000009a738fea80
Event: 1.307 Thread 0x000001d57e3ce470 DEOPT UNPACKING pc=0x000001d56b0d3aa2 sp=0x0000009a738fe8f0 mode 2
Event: 1.310 Thread 0x000001d57e3ce470 Uncommon trap: trap_request=0xffffff45 fr.pc=0x000001d56b655dc4 relative=0x00000000000002a4
Event: 1.310 Thread 0x000001d57e3ce470 Uncommon trap: reason=unstable_if action=reinterpret pc=0x000001d56b655dc4 method=java.util.HashMap$HashIterator.<init>(Ljava/util/HashMap;)V @ 45 c2
Event: 1.310 Thread 0x000001d57e3ce470 DEOPT PACKING pc=0x000001d56b655dc4 sp=0x0000009a738fe8a0
Event: 1.310 Thread 0x000001d57e3ce470 DEOPT UNPACKING pc=0x000001d56b0d3aa2 sp=0x0000009a738fe848 mode 2
Event: 1.321 Thread 0x000001d57e3ce470 Uncommon trap: trap_request=0xffffffde fr.pc=0x000001d56b6c7f58 relative=0x0000000000000a58
Event: 1.321 Thread 0x000001d57e3ce470 Uncommon trap: reason=class_check action=maybe_recompile pc=0x000001d56b6c7f58 method=java.util.HashMap.putVal(ILjava/lang/Object;Ljava/lang/Object;ZZ)Ljava/lang/Object; @ 253 c2
Event: 1.321 Thread 0x000001d57e3ce470 DEOPT PACKING pc=0x000001d56b6c7f58 sp=0x0000009a738fe440
Event: 1.321 Thread 0x000001d57e3ce470 DEOPT UNPACKING pc=0x000001d56b0d3aa2 sp=0x0000009a738fe2d8 mode 2
Event: 1.348 Thread 0x000001d57e417030 Uncommon trap: trap_request=0xffffff6e fr.pc=0x000001d56b6931a8 relative=0x0000000000000368
Event: 1.348 Thread 0x000001d57e417030 Uncommon trap: reason=loop_limit_check action=maybe_recompile pc=0x000001d56b6931a8 method=java.lang.StringLatin1.indexOf([BI[BII)I @ 37 c2
Event: 1.348 Thread 0x000001d57e417030 DEOPT PACKING pc=0x000001d56b6931a8 sp=0x0000009a73afce20
Event: 1.348 Thread 0x000001d57e417030 DEOPT UNPACKING pc=0x000001d56b0d3aa2 sp=0x0000009a73afcd80 mode 2
Event: 1.373 Thread 0x000001d57e417030 Uncommon trap: trap_request=0xffffff45 fr.pc=0x000001d56b69c334 relative=0x0000000000000094
Event: 1.373 Thread 0x000001d57e417030 Uncommon trap: reason=unstable_if action=reinterpret pc=0x000001d56b69c334 method=java.io.BufferedInputStream.getBufIfOpen(Z)[B @ 13 c2
Event: 1.373 Thread 0x000001d57e417030 DEOPT PACKING pc=0x000001d56b69c334 sp=0x0000009a73afdd50
Event: 1.373 Thread 0x000001d57e417030 DEOPT UNPACKING pc=0x000001d56b0d3aa2 sp=0x0000009a73afdcd0 mode 2

Classes loaded (20 events):
Event: 1.329 Loading class java/util/concurrent/ExecutionException
Event: 1.329 Loading class java/util/concurrent/ExecutionException done
Event: 1.329 Loading class java/util/concurrent/ConcurrentLinkedQueue
Event: 1.330 Loading class java/util/concurrent/ConcurrentLinkedQueue done
Event: 1.330 Loading class java/util/concurrent/ConcurrentLinkedQueue$Node
Event: 1.330 Loading class java/util/concurrent/ConcurrentLinkedQueue$Node done
Event: 1.337 Loading class java/util/concurrent/CountDownLatch
Event: 1.338 Loading class java/util/concurrent/CountDownLatch done
Event: 1.338 Loading class java/util/concurrent/CountDownLatch$Sync
Event: 1.338 Loading class java/util/concurrent/CountDownLatch$Sync done
Event: 1.355 Loading class jdk/internal/logger/LoggerFinderLoader
Event: 1.356 Loading class jdk/internal/logger/LoggerFinderLoader done
Event: 1.356 Loading class jdk/internal/logger/LoggerFinderLoader$TemporaryLoggerFinder
Event: 1.356 Loading class jdk/internal/logger/LoggerFinderLoader$TemporaryLoggerFinder done
Event: 1.357 Loading class sun/util/logging/internal/LoggingProviderImpl$JULWrapper
Event: 1.357 Loading class sun/util/logging/internal/LoggingProviderImpl$JULWrapper done
Event: 1.367 Loading class java/util/AbstractList$Itr
Event: 1.367 Loading class java/util/AbstractList$Itr done
Event: 1.372 Loading class java/util/MissingResourceException
Event: 1.372 Loading class java/util/MissingResourceException done

Classes unloaded (0 events):
No events

Classes redefined (0 events):
No events

Internal exceptions (20 events):
Event: 0.697 Thread 0x000001d56099d990 Exception <a 'java/lang/ClassNotFoundException'{0x00000000d55a6810}: sun/net/www/protocol/c/Handler> (0x00000000d55a6810) 
thrown [s\src\hotspot\share\classfile\systemDictionary.cpp, line 312]
Event: 0.697 Thread 0x000001d56099d990 Exception <a 'java/lang/ClassNotFoundException'{0x00000000d55a7b88}: sun/net/www/protocol/c/Handler> (0x00000000d55a7b88) 
thrown [s\src\hotspot\share\classfile\systemDictionary.cpp, line 312]
Event: 0.697 Thread 0x000001d56099d990 Exception <a 'java/lang/ClassNotFoundException'{0x00000000d55a8d20}: sun/net/www/protocol/c/Handler> (0x00000000d55a8d20) 
thrown [s\src\hotspot\share\classfile\systemDictionary.cpp, line 312]
Event: 0.705 Thread 0x000001d56099d990 Exception <a 'java/io/FileNotFoundException'{0x00000000d55d1448}> (0x00000000d55d1448) 
thrown [s\src\hotspot\share\prims\jni.cpp, line 520]
Event: 0.732 Thread 0x000001d56099d990 Implicit null exception at 0x000001d56b67bcc9 to 0x000001d56b67c634
Event: 0.732 Thread 0x000001d56099d990 Implicit null exception at 0x000001d56b68599a to 0x000001d56b685ba0
Event: 0.732 Thread 0x000001d56099d990 Exception <a 'java/lang/NoSuchMethodError'{0x00000000d57bd4a8}: 'void java.lang.invoke.DirectMethodHandle$Holder.invokeStatic(java.lang.Object, java.lang.Object, java.lang.Object, java.lang.Object)'> (0x00000000d57bd4a8) 
thrown [s\src\hotspot\share\interpreter\linkResolver.cpp, line 773]
Event: 0.734 Thread 0x000001d56099d990 Implicit null exception at 0x000001d56b68239a to 0x000001d56b6825a4
Event: 0.734 Thread 0x000001d56099d990 Implicit null exception at 0x000001d56b67d0bd to 0x000001d56b67d141
Event: 0.792 Thread 0x000001d56099d990 Exception <a 'java/lang/NoSuchMethodError'{0x00000000d5a5b458}: 'void java.lang.invoke.DirectMethodHandle$Holder.invokeSpecial(java.lang.Object, java.lang.Object, java.lang.Object)'> (0x00000000d5a5b458) 
thrown [s\src\hotspot\share\interpreter\linkResolver.cpp, line 773]
Event: 1.019 Thread 0x000001d56099d990 Exception <a 'java/lang/NoSuchMethodError'{0x00000000d6473398}: 'int java.lang.invoke.DirectMethodHandle$Holder.invokeVirtual(java.lang.Object, java.lang.Object)'> (0x00000000d6473398) 
thrown [s\src\hotspot\share\interpreter\linkResolver.cpp, line 773]
Event: 1.075 Thread 0x000001d56099d990 Exception <a 'java/lang/NoSuchMethodError'{0x00000000d65e9300}: 'int java.lang.invoke.DirectMethodHandle$Holder.invokeStaticInit(java.lang.Object, java.lang.Object, java.lang.Object, java.lang.Object)'> (0x00000000d65e9300) 
thrown [s\src\hotspot\share\interpreter\linkResolver.cpp, line 773]
Event: 1.081 Thread 0x000001d56099d990 Exception <a 'java/lang/IncompatibleClassChangeError'{0x00000000d65f1788}: Found class java.lang.Object, but interface was expected> (0x00000000d65f1788) 
thrown [s\src\hotspot\share\interpreter\linkResolver.cpp, line 840]
Event: 1.082 Thread 0x000001d56099d990 Exception <a 'java/lang/NoSuchMethodError'{0x00000000d65f7d98}: 'void java.lang.invoke.DirectMethodHandle$Holder.invokeStaticInit(java.lang.Object, java.lang.Object)'> (0x00000000d65f7d98) 
thrown [s\src\hotspot\share\interpreter\linkResolver.cpp, line 773]
Event: 1.085 Thread 0x000001d56099d990 Exception <a 'java/lang/NoSuchMethodError'{0x00000000d6600f70}: 'int java.lang.invoke.DirectMethodHandle$Holder.invokeStaticInit(java.lang.Object, java.lang.Object)'> (0x00000000d6600f70) 
thrown [s\src\hotspot\share\interpreter\linkResolver.cpp, line 773]
Event: 1.130 Thread 0x000001d56099d990 Exception <a 'java/lang/NoSuchMethodError'{0x00000000d6848ba0}: 'java.lang.Object java.lang.invoke.DirectMethodHandle$Holder.newInvokeSpecial(java.lang.Object, int, java.lang.Object)'> (0x00000000d6848ba0) 
thrown [s\src\hotspot\share\interpreter\linkResolver.cpp, line 773]
Event: 1.166 Thread 0x000001d56099d990 Exception <a 'java/lang/ClassNotFoundException'{0x00000000d6a60378}: sun/net/www/protocol/plurl/Handler> (0x00000000d6a60378) 
thrown [s\src\hotspot\share\classfile\systemDictionary.cpp, line 312]
Event: 1.166 Thread 0x000001d56099d990 Exception <a 'java/lang/ClassNotFoundException'{0x00000000d6a611f8}: sun/net/www/protocol/plurl/Handler> (0x00000000d6a611f8) 
thrown [s\src\hotspot\share\classfile\systemDictionary.cpp, line 312]
Event: 1.299 Thread 0x000001d56099d990 Exception <a 'java/lang/UnsatisfiedLinkError'{0x00000000d55ae420}: 'void org.eclipse.equinox.launcher.JNIBridge._update_splash()'> (0x00000000d55ae420) 
thrown [s\src\hotspot\share\prims\nativeLookup.cpp, line 415]
Event: 1.332 Thread 0x000001d57e3ce470 Exception <a 'java/lang/NoSuchMethodError'{0x00000000d588f610}: 'void java.lang.invoke.DirectMethodHandle$Holder.invokeInterface(java.lang.Object, java.lang.Object, java.lang.Object)'> (0x00000000d588f610) 
thrown [s\src\hotspot\share\interpreter\linkResolver.cpp, line 773]

ZGC Phase Switch (0 events):
No events

VM Operations (20 events):
Event: 0.471 Executing VM operation: HandshakeAllThreads (Deoptimize) done
Event: 0.486 Executing VM operation: HandshakeAllThreads (Deoptimize)
Event: 0.486 Executing VM operation: HandshakeAllThreads (Deoptimize) done
Event: 0.671 Executing VM operation: ICBufferFull
Event: 0.671 Executing VM operation: ICBufferFull done
Event: 0.676 Executing VM operation: HandshakeAllThreads (Deoptimize)
Event: 0.676 Executing VM operation: HandshakeAllThreads (Deoptimize) done
Event: 0.686 Executing VM operation: ParallelGCFailedAllocation (Allocation Failure)
Event: 0.691 Executing VM operation: ParallelGCFailedAllocation (Allocation Failure) done
Event: 1.109 Executing VM operation: HandshakeAllThreads (Deoptimize)
Event: 1.109 Executing VM operation: HandshakeAllThreads (Deoptimize) done
Event: 1.117 Executing VM operation: HandshakeAllThreads (Deoptimize)
Event: 1.117 Executing VM operation: HandshakeAllThreads (Deoptimize) done
Event: 1.153 Executing VM operation: HandshakeAllThreads (Deoptimize)
Event: 1.153 Executing VM operation: HandshakeAllThreads (Deoptimize) done
Event: 1.163 Executing VM operation: HandshakeAllThreads (Deoptimize)
Event: 1.163 Executing VM operation: HandshakeAllThreads (Deoptimize) done
Event: 1.288 Executing VM operation: ParallelGCFailedAllocation (Allocation Failure)
Event: 1.294 Executing VM operation: ParallelGCFailedAllocation (Allocation Failure) done
Event: 2.303 Executing VM operation: Cleanup

Memory protections (0 events):
No events

Nmethod flushes (0 events):
No events

Events (17 events):
Event: 0.034 Thread 0x000001d56099d990 Thread added: 0x000001d56099d990
Event: 0.052 Thread 0x000001d56099d990 Thread added: 0x000001d560904310
Event: 0.052 Thread 0x000001d56099d990 Thread added: 0x000001d560907590
Event: 0.053 Thread 0x000001d56099d990 Thread added: 0x000001d56090b3c0
Event: 0.053 Thread 0x000001d56099d990 Thread added: 0x000001d56090d320
Event: 0.053 Thread 0x000001d56099d990 Thread added: 0x000001d56090e120
Event: 0.053 Thread 0x000001d56099d990 Thread added: 0x000001d578455240
Event: 0.053 Thread 0x000001d56099d990 Thread added: 0x000001d578457c90
Event: 0.053 Thread 0x000001d56099d990 Thread added: 0x000001d57845d930
Event: 0.084 Thread 0x000001d56099d990 Thread added: 0x000001d578562780
Event: 0.230 Thread 0x000001d57845d930 Thread added: 0x000001d5786ccc40
Event: 0.324 Thread 0x000001d56099d990 Thread added: 0x000001d5786fec10
Event: 0.413 Thread 0x000001d57845d930 Thread added: 0x000001d57983b890
Event: 1.099 Thread 0x000001d56099d990 Thread added: 0x000001d579d6da40
Event: 1.297 Thread 0x000001d56099d990 Thread added: 0x000001d57e3ce470
Event: 1.335 Thread 0x000001d57e3ce470 Thread added: 0x000001d5787e9080
Event: 1.340 Thread 0x000001d56099d990 Thread added: 0x000001d57e417030


Dynamic libraries:
0x00007ff7c48e0000 - 0x00007ff7c48ee000 	c:\Users\veera\.vscode\extensions\redhat.java-1.46.0-win32-x64\jre\21.0.8-win32-x86_64\bin\java.exe
0x00007ffa66600000 - 0x00007ffa66867000 	C:\WINDOWS\SYSTEM32\ntdll.dll
0x00007ffa64810000 - 0x00007ffa648d9000 	C:\WINDOWS\System32\KERNEL32.DLL
0x00007ffa63b40000 - 0x00007ffa63f30000 	C:\WINDOWS\System32\KERNELBASE.dll
0x00007ffa60660000 - 0x00007ffa606fe000 	C:\WINDOWS\SYSTEM32\apphelp.dll
0x00007ffa63730000 - 0x00007ffa6387b000 	C:\WINDOWS\System32\ucrtbase.dll
0x00007ffa29040000 - 0x00007ffa2905e000 	c:\Users\veera\.vscode\extensions\redhat.java-1.46.0-win32-x64\jre\21.0.8-win32-x86_64\bin\VCRUNTIME140.dll
0x00007ffa29020000 - 0x00007ffa29038000 	c:\Users\veera\.vscode\extensions\redhat.java-1.46.0-win32-x64\jre\21.0.8-win32-x86_64\bin\jli.dll
0x00007ffa64ea0000 - 0x00007ffa65065000 	C:\WINDOWS\System32\USER32.dll
0x00007ffa63fd0000 - 0x00007ffa63ff7000 	C:\WINDOWS\System32\win32u.dll
0x00007ffa474e0000 - 0x00007ffa4777a000 	C:\WINDOWS\WinSxS\amd64_microsoft.windows.common-controls_6595b64144ccf1df_6.0.26100.4768_none_3e0c112ce331287c\COMCTL32.dll
0x00007ffa66590000 - 0x00007ffa665bb000 	C:\WINDOWS\System32\GDI32.dll
0x00007ffa64c80000 - 0x00007ffa64d29000 	C:\WINDOWS\System32\msvcrt.dll
0x00007ffa63880000 - 0x00007ffa639b8000 	C:\WINDOWS\System32\gdi32full.dll
0x00007ffa642e0000 - 0x00007ffa64383000 	C:\WINDOWS\System32\msvcp_win.dll
0x00007ffa663b0000 - 0x00007ffa663df000 	C:\WINDOWS\System32\IMM32.DLL
0x0000000050090000 - 0x000000005009c000 	C:\Program Files (x86)\360\Total Security\safemon\SafeWrapper.dll
0x00007ffa65e60000 - 0x00007ffa65f14000 	C:\WINDOWS\System32\ADVAPI32.dll
0x00007ffa65c80000 - 0x00007ffa65d26000 	C:\WINDOWS\System32\sechost.dll
0x00007ffa643f0000 - 0x00007ffa64508000 	C:\WINDOWS\System32\RPCRT4.dll
0x00007ff9dea80000 - 0x00007ff9deb2c000 	C:\Program Files (x86)\360\Total Security\safemon\libzdtp64.dll
0x00007ffa65530000 - 0x00007ffa65c7d000 	C:\WINDOWS\System32\SHELL32.dll
0x00007ffa639c0000 - 0x00007ffa63b33000 	C:\WINDOWS\System32\wintypes.dll
0x00007ffa648f0000 - 0x00007ffa64c75000 	C:\WINDOWS\System32\combase.dll
0x00007ffa64d30000 - 0x00007ffa64d9a000 	C:\WINDOWS\System32\SHLWAPI.dll
0x00007ffa63010000 - 0x00007ffa6301b000 	C:\WINDOWS\SYSTEM32\VERSION.dll
0x00007ffa5ea40000 - 0x00007ffa5ea4c000 	c:\Users\veera\.vscode\extensions\redhat.java-1.46.0-win32-x64\jre\21.0.8-win32-x86_64\bin\vcruntime140_1.dll
0x00007ff9f3b80000 - 0x00007ff9f3c0d000 	c:\Users\veera\.vscode\extensions\redhat.java-1.46.0-win32-x64\jre\21.0.8-win32-x86_64\bin\msvcp140.dll
0x00007ff9dbd40000 - 0x00007ff9dcad7000 	c:\Users\veera\.vscode\extensions\redhat.java-1.46.0-win32-x64\jre\21.0.8-win32-x86_64\bin\server\jvm.dll
0x00007ffa65db0000 - 0x00007ffa65e24000 	C:\WINDOWS\System32\WS2_32.dll
0x00007ffa63590000 - 0x00007ffa635ee000 	C:\WINDOWS\SYSTEM32\POWRPROF.dll
0x00007ffa5b3b0000 - 0x00007ffa5b3e5000 	C:\WINDOWS\SYSTEM32\WINMM.dll
0x00007ffa63570000 - 0x00007ffa63584000 	C:\WINDOWS\SYSTEM32\UMPDC.dll
0x00007ffa62400000 - 0x00007ffa6241b000 	C:\WINDOWS\SYSTEM32\kernel.appcore.dll
0x00007ffa28f60000 - 0x00007ffa28f6a000 	c:\Users\veera\.vscode\extensions\redhat.java-1.46.0-win32-x64\jre\21.0.8-win32-x86_64\bin\jimage.dll
0x00007ffa55630000 - 0x00007ffa55871000 	C:\WINDOWS\SYSTEM32\DBGHELP.DLL
0x00007ffa64510000 - 0x00007ffa645f0000 	C:\WINDOWS\System32\OLEAUT32.dll
0x00007ffa4eb40000 - 0x00007ffa4eb83000 	C:\WINDOWS\SYSTEM32\dbgcore.DLL
0x00007ffa64000000 - 0x00007ffa64099000 	C:\WINDOWS\System32\bcryptPrimitives.dll
0x00007ffa3c8b0000 - 0x00007ffa3c8bf000 	c:\Users\veera\.vscode\extensions\redhat.java-1.46.0-win32-x64\jre\21.0.8-win32-x86_64\bin\instrument.dll
0x00007ffa28f40000 - 0x00007ffa28f5f000 	c:\Users\veera\.vscode\extensions\redhat.java-1.46.0-win32-x64\jre\21.0.8-win32-x86_64\bin\java.dll
0x00007ffa61280000 - 0x00007ffa61ae0000 	C:\WINDOWS\SYSTEM32\windows.storage.dll
0x00007ffa65230000 - 0x00007ffa65325000 	C:\WINDOWS\System32\SHCORE.dll
0x00007ffa63650000 - 0x00007ffa63679000 	C:\WINDOWS\SYSTEM32\profapi.dll
0x00007ffa25e50000 - 0x00007ffa25e68000 	c:\Users\veera\.vscode\extensions\redhat.java-1.46.0-win32-x64\jre\21.0.8-win32-x86_64\bin\zip.dll
0x00007ffa26120000 - 0x00007ffa26130000 	C:\Users\veera\.vscode\extensions\redhat.java-1.46.0-win32-x64\jre\21.0.8-win32-x86_64\bin\net.dll
0x00007ffa5b090000 - 0x00007ffa5b1ae000 	C:\WINDOWS\SYSTEM32\WINHTTP.dll
0x00007ffa62970000 - 0x00007ffa629db000 	C:\WINDOWS\system32\mswsock.dll
0x00007ff9f3b30000 - 0x00007ff9f3b46000 	C:\Users\veera\.vscode\extensions\redhat.java-1.46.0-win32-x64\jre\21.0.8-win32-x86_64\bin\nio.dll
0x00007ffa3c8a0000 - 0x00007ffa3c8b0000 	c:\Users\veera\.vscode\extensions\redhat.java-1.46.0-win32-x64\jre\21.0.8-win32-x86_64\bin\verify.dll
0x00007ffa26070000 - 0x00007ffa260b4000 	C:\Users\veera\AppData\Roaming\Code\User\globalStorage\redhat.java\1.46.0\config_win\org.eclipse.equinox.launcher\org.eclipse.equinox.launcher.win32.win32.x86_64_1.2.1400.v20250801-0854\eclipse_11916.dll
0x00007ffa65070000 - 0x00007ffa65210000 	C:\WINDOWS\System32\ole32.dll

JVMTI agents:
c:\Users\veera\.vscode\extensions\redhat.java-1.46.0-win32-x64\lombok\lombok-1.18.39-4050.jar path:c:\Users\veera\.vscode\extensions\redhat.java-1.46.0-win32-x64\jre\21.0.8-win32-x86_64\bin\instrument.dll, loaded, initialized, instrumentlib options:none

dbghelp: loaded successfully - version: 4.0.5 - missing functions: none
symbol engine: initialized successfully - sym options: 0x614 - pdb path: .;c:\Users\veera\.vscode\extensions\redhat.java-1.46.0-win32-x64\jre\21.0.8-win32-x86_64\bin;C:\WINDOWS\SYSTEM32;C:\WINDOWS\WinSxS\amd64_microsoft.windows.common-controls_6595b64144ccf1df_6.0.26100.4768_none_3e0c112ce331287c;C:\Program Files (x86)\360\Total Security\safemon;c:\Users\veera\.vscode\extensions\redhat.java-1.46.0-win32-x64\jre\21.0.8-win32-x86_64\bin\server;C:\Users\veera\AppData\Roaming\Code\User\globalStorage\redhat.java\1.46.0\config_win\org.eclipse.equinox.launcher\org.eclipse.equinox.launcher.win32.win32.x86_64_1.2.1400.v20250801-0854

VM Arguments:
jvm_args: --add-modules=ALL-SYSTEM --add-opens=java.base/java.util=ALL-UNNAMED --add-opens=java.base/java.lang=ALL-UNNAMED --add-opens=java.base/sun.nio.fs=ALL-UNNAMED -Declipse.application=org.eclipse.jdt.ls.core.id1 -Dosgi.bundles.defaultStartLevel=4 -Declipse.product=org.eclipse.jdt.ls.core.product -Djava.import.generatesMetadataFilesAtProjectRoot=false -DDetectVMInstallationsJob.disabled=true -Dfile.encoding=utf8 -XX:+UseParallelGC -XX:GCTimeRatio=4 -XX:AdaptiveSizePolicyWeight=90 -Dsun.zip.disableMemoryMapping=true -Xmx2G -Xms100m -Xlog:disable -javaagent:c:\Users\veera\.vscode\extensions\redhat.java-1.46.0-win32-x64\lombok\lombok-1.18.39-4050.jar -XX:+HeapDumpOnOutOfMemoryError -XX:HeapDumpPath=c:\Users\veera\AppData\Roaming\Code\User\workspaceStorage\4664bf4f91756e4c6c0a358fac8c7134\redhat.java -Daether.dependencyCollector.impl=bf 
java_command: c:\Users\veera\.vscode\extensions\redhat.java-1.46.0-win32-x64\server\plugins\org.eclipse.equinox.launcher_1.7.0.v20250519-0528.jar -configuration c:\Users\veera\AppData\Roaming\Code\User\globalStorage\redhat.java\1.46.0\config_win -data c:\Users\veera\AppData\Roaming\Code\User\workspaceStorage\4664bf4f91756e4c6c0a358fac8c7134\redhat.java\jdt_ws --pipe=\\.\pipe\lsp-78dbb1f534a5d2cc46ef128f45fcfae8-sock
java_class_path (initial): c:\Users\veera\.vscode\extensions\redhat.java-1.46.0-win32-x64\server\plugins\org.eclipse.equinox.launcher_1.7.0.v20250519-0528.jar
Launcher Type: SUN_STANDARD

[Global flags]
    uintx AdaptiveSizePolicyWeight                 = 90                                        {product} {command line}
     intx CICompilerCount                          = 4                                         {product} {ergonomic}
    uintx GCTimeRatio                              = 4                                         {product} {command line}
     bool HeapDumpOnOutOfMemoryError               = true                                   {manageable} {command line}
    ccstr HeapDumpPath                             = c:\Users\veera\AppData\Roaming\Code\User\workspaceStorage\4664bf4f91756e4c6c0a358fac8c7134\redhat.java         {manageable} {command line}
   size_t InitialHeapSize                          = 104857600                                 {product} {command line}
   size_t MaxHeapSize                              = 2147483648                                {product} {command line}
   size_t MaxNewSize                               = 715653120                                 {product} {ergonomic}
   size_t MinHeapDeltaBytes                        = 524288                                    {product} {ergonomic}
   size_t MinHeapSize                              = 104857600                                 {product} {command line}
   size_t NewSize                                  = 34603008                                  {product} {ergonomic}
    uintx NonNMethodCodeHeapSize                   = 5839372                                {pd product} {ergonomic}
    uintx NonProfiledCodeHeapSize                  = 122909434                              {pd product} {ergonomic}
   size_t OldSize                                  = 70254592                                  {product} {ergonomic}
    uintx ProfiledCodeHeapSize                     = 122909434                              {pd product} {ergonomic}
    uintx ReservedCodeCacheSize                    = 251658240                              {pd product} {ergonomic}
     bool SegmentedCodeCache                       = true                                      {product} {ergonomic}
   size_t SoftMaxHeapSize                          = 2147483648                             {manageable} {ergonomic}
     bool UseCompressedOops                        = true                           {product lp64_product} {ergonomic}
     bool UseLargePagesIndividualAllocation        = false                                  {pd product} {ergonomic}
     bool UseParallelGC                            = true                                      {product} {command line}

Logging:
Log output configuration:
 #0: stdout all=off uptime,level,tags foldmultilines=false
 #1: stderr all=off uptime,level,tags foldmultilines=false

Environment Variables:
JAVA_HOME=C:\Program Files\Java\jdk-17
PATH=C:\Program Files\Common Files\Oracle\Java\javapath;C:\WINDOWS\system32;C:\WINDOWS;C:\WINDOWS\System32\Wbem;C:\WINDOWS\System32\WindowsPowerShell\v1.0\;C:\WINDOWS\System32\OpenSSH\;C:\Program Files\Git\cmd;C:\Program Files\MySQL\MySQL Connector C++ 9.2\bin;C:\Program Files\MySQL\MySQL Connector C++ 9.2\include;C:\Program Files\nodejs\;C:\Program Files\Redis\;C:\adb\platform-tools;C:\xampp\php;C:\composer;C:\Program Files\Apache\apache-maven-3.9.9\bin;C:\Program Files\Java\jdk-17\bin;C:\Program Files\Docker\Docker\resources\bin;C:\php82;C:\Program Files\PuTTY\;C:\Program Files\cursor\resources\app\bin;C:\Android\tools;C:\Users\veera\AppData\Local\Programs\Python\Python313\Scripts\;C:\Users\veera\AppData\Local\Programs\Python\Python313\;C:\Users\veera\AppData\Local\Programs\Python\Launcher\;C:\Users\veera\AppData\Local\Programs\Python\Python312\Scripts\;C:\Users\veera\AppData\Local\Programs\Python\Python312\;C:\Users\veera\AppData\Local\Microsoft\WindowsApps;C:\Users\veera\AppData\Local\Programs\Microsoft VS Code\bin;C:\Users\veera\AppData\Roaming\npm;C:\Users\veera\AppData\Roaming\Composer\vendor\bin;C:\Program Files\Apache\apache-maven-3.9.9\bin;C:\Program Files\Java\jdk-17\bin;C:\mingw64\bin;C:\Android\cmdline-tools\latest\bin;C:\Android\platform-tools;C:\flutter\bin;C:\flutter;
USERNAME=veera
OS=Windows_NT
PROCESSOR_IDENTIFIER=AMD64 Family 25 Model 80 Stepping 0, AuthenticAMD
TMP=C:\Users\veera\AppData\Local\Temp
TEMP=C:\Users\veera\AppData\Local\Temp




Periodic native trim disabled

---------------  S Y S T E M  ---------------

OS:
 Windows 11 , 64 bit Build 26100 (10.0.26100.4768)
OS uptime: 0 days 4:40 hours
Hyper-V role detected

CPU: total 12 (initial active 12) (12 cores per cpu, 2 threads per core) family 25 model 80 stepping 0 microcode 0xa50000d, cx8, cmov, fxsr, ht, mmx, 3dnowpref, sse, sse2, sse3, ssse3, sse4a, sse4.1, sse4.2, popcnt, lzcnt, tsc, tscinvbit, avx, avx2, aes, erms, clmul, bmi1, bmi2, adx, sha, fma, vzeroupper, clflush, clflushopt, hv, rdtscp, rdpid, fsrm, f16c, cet_ss
Processor Information for processor 0
  Max Mhz: 3301, Current Mhz: 3301, Mhz Limit: 3301
Processor Information for processor 1
  Max Mhz: 3301, Current Mhz: 3301, Mhz Limit: 3301
Processor Information for processor 2
  Max Mhz: 3301, Current Mhz: 2630, Mhz Limit: 3301
Processor Information for processor 3
  Max Mhz: 3301, Current Mhz: 3301, Mhz Limit: 3301
Processor Information for processor 4
  Max Mhz: 3301, Current Mhz: 3301, Mhz Limit: 3301
Processor Information for processor 5
  Max Mhz: 3301, Current Mhz: 3301, Mhz Limit: 3301
Processor Information for processor 6
  Max Mhz: 3301, Current Mhz: 3301, Mhz Limit: 3301
Processor Information for processor 7
  Max Mhz: 3301, Current Mhz: 3301, Mhz Limit: 3301
Processor Information for processor 8
  Max Mhz: 3301, Current Mhz: 3301, Mhz Limit: 3301
Processor Information for processor 9
  Max Mhz: 3301, Current Mhz: 3301, Mhz Limit: 3301
Processor Information for processor 10
  Max Mhz: 3301, Current Mhz: 3301, Mhz Limit: 3301
Processor Information for processor 11
  Max Mhz: 3301, Current Mhz: 3301, Mhz Limit: 3301

Memory: 4k page, system-wide physical 7521M (1077M free)
TotalPageFile size 31073M (AvailPageFile size 2914M)
current process WorkingSet (physical memory assigned to process): 101M, peak: 101M
current process commit charge ("private bytes"): 251M, peak: 251M

vm_info: OpenJDK 64-Bit Server VM (21.0.8+9-LTS) for windows-amd64 JRE (21.0.8+9-LTS), built on 2025-07-15T00:00:00Z by "admin" with MS VC++ 17.7 (VS2022)

END.
