#
# There is insufficient memory for the Java Runtime Environment to continue.
# Native memory allocation (malloc) failed to allocate 1195216 bytes. Error detail: Chunk::new
# Possible reasons:
#   The system is out of physical RAM or swap space
#   This process is running with CompressedOops enabled, and the Java Heap may be blocking the growth of the native heap
# Possible solutions:
#   Reduce memory load on the system
#   Increase physical memory or swap space
#   Check if swap backing store is full
#   Decrease Java heap size (-Xmx/-Xms)
#   Decrease number of Java threads
#   Decrease Java thread stack sizes (-Xss)
#   Set larger code cache with -XX:ReservedCodeCacheSize=
#   JVM is running with Unscaled Compressed Oops mode in which the Java heap is
#     placed in the first 4GB address space. The Java Heap base address is the
#     maximum limit for the native heap growth. Please use -XX:HeapBaseMinAddress
#     to set the Java Heap base and to place the Java Heap above 4GB virtual address.
# This output file may be truncated or incomplete.
#
#  Out of Memory Error (arena.cpp:168), pid=18864, tid=19424
#
# JRE version: OpenJDK Runtime Environment Temurin-21.0.8+9 (21.0.8+9) (build 21.0.8+9-LTS)
# Java VM: OpenJDK 64-Bit Server VM Temurin-21.0.8+9 (21.0.8+9-LTS, mixed mode, sharing, tiered, compressed oops, compressed class ptrs, parallel gc, windows-amd64)
# No core dump will be written. Minidumps are not enabled by default on client versions of Windows
#

---------------  S U M M A R Y ------------

Command Line: --add-modules=ALL-SYSTEM --add-opens=java.base/java.util=ALL-UNNAMED --add-opens=java.base/java.lang=ALL-UNNAMED --add-opens=java.base/sun.nio.fs=ALL-UNNAMED -Declipse.application=org.eclipse.jdt.ls.core.id1 -Dosgi.bundles.defaultStartLevel=4 -Declipse.product=org.eclipse.jdt.ls.core.product -Djava.import.generatesMetadataFilesAtProjectRoot=false -DDetectVMInstallationsJob.disabled=true -Dfile.encoding=utf8 -XX:+UseParallelGC -XX:GCTimeRatio=4 -XX:AdaptiveSizePolicyWeight=90 -Dsun.zip.disableMemoryMapping=true -Xmx2G -Xms100m -Xlog:disable -javaagent:c:\Users\veera\.vscode\extensions\redhat.java-1.46.0-win32-x64\lombok\lombok-1.18.39-4050.jar -XX:+HeapDumpOnOutOfMemoryError -XX:HeapDumpPath=c:\Users\veera\AppData\Roaming\Code\User\workspaceStorage\4664bf4f91756e4c6c0a358fac8c7134\redhat.java -Daether.dependencyCollector.impl=bf c:\Users\veera\.vscode\extensions\redhat.java-1.46.0-win32-x64\server\plugins\org.eclipse.equinox.launcher_1.7.0.v20250519-0528.jar -configuration c:\Users\veera\AppData\Roaming\Code\User\globalStorage\redhat.java\1.46.0\config_win -data c:\Users\veera\AppData\Roaming\Code\User\workspaceStorage\4664bf4f91756e4c6c0a358fac8c7134\redhat.java\jdt_ws --pipe=\\.\pipe\lsp-ccfa1676cafba985d230caf84243fb53-sock

Host: AMD Ryzen 5 5600H with Radeon Graphics         , 12 cores, 7G,  Windows 11 , 64 bit Build 26100 (10.0.26100.4768)
Time: Thu Oct 16 03:13:18 2025 India Standard Time elapsed time: 7084.028114 seconds (0d 1h 58m 4s)

---------------  T H R E A D  ---------------

Current thread (0x0000018f77626600):  JavaThread "C2 CompilerThread0" daemon [_thread_in_native, id=19424, stack(0x0000000c9a700000,0x0000000c9a800000) (1024K)]


Current CompileTask:
C2:7084028 14677       4       org.eclipse.jdt.internal.core.builder.NameEnvironment::findClass (486 bytes)

Stack: [0x0000000c9a700000,0x0000000c9a800000]
Native frames: (J=compiled Java code, j=interpreted, Vv=VM code, C=native code)
V  [jvm.dll+0x6d2449]
V  [jvm.dll+0x8ae341]
V  [jvm.dll+0x8b08be]
V  [jvm.dll+0x8b0fa3]
V  [jvm.dll+0x280c96]
V  [jvm.dll+0xc581d]
V  [jvm.dll+0xc5d53]
V  [jvm.dll+0x3b9162]
V  [jvm.dll+0x1e1213]
V  [jvm.dll+0x249022]
V  [jvm.dll+0x2484af]
V  [jvm.dll+0x1c89ee]
V  [jvm.dll+0x257d4d]
V  [jvm.dll+0x2562ea]
V  [jvm.dll+0x3f2d16]
V  [jvm.dll+0x857e6b]
V  [jvm.dll+0x6d0b0d]
C  [ucrtbase.dll+0x37b0]
C  [KERNEL32.DLL+0x2e8d7]
C  [ntdll.dll+0x3c34c]


---------------  P R O C E S S  ---------------

Threads class SMR info:
_java_thread_list=0x0000018f61d64700, length=53, elements={
0x0000018f776af2e0, 0x0000018f7761d1c0, 0x0000018f7761eb30, 0x0000018f77620720,
0x0000018f77621370, 0x0000018f77621fc0, 0x0000018f77624a20, 0x0000018f77626600,
0x0000018f50289dd0, 0x0000018f5036ca80, 0x0000018f505ea2a0, 0x0000018f56340cc0,
0x0000018f519350f0, 0x0000018f519b53a0, 0x0000018f519aebe0, 0x0000018f56bc0be0,
0x0000018f56bc3340, 0x0000018f56bc2cb0, 0x0000018f56bc39d0, 0x0000018f576ece90,
0x0000018f576ec800, 0x0000018f576ed520, 0x0000018f576ea730, 0x0000018f576efc80,
0x0000018f576eef60, 0x0000018f576ef5f0, 0x0000018f576ee240, 0x0000018f576f0310,
0x0000018f576f1030, 0x0000018f576f09a0, 0x0000018f576f16c0, 0x0000018f576ee8d0,
0x0000018f5678d1d0, 0x0000018f5678aa70, 0x0000018f5678b790, 0x0000018f5678cb40,
0x0000018f5678c4b0, 0x0000018f60a30be0, 0x0000018f60a32620, 0x0000018f60a30550,
0x0000018f60a2eb10, 0x0000018f60a2f1a0, 0x0000018f60a2ddf0, 0x0000018f60a31900,
0x0000018f60a2f830, 0x0000018f60a2e480, 0x0000018f60a32cb0, 0x0000018f60a33340,
0x0000018f60a31f90, 0x0000018f60a2fec0, 0x0000018f645f8cf0, 0x0000018f51ac1000,
0x0000018f60a339d0
}

Java Threads: ( => current thread )
  0x0000018f776af2e0 JavaThread "main"                              [_thread_blocked, id=11792, stack(0x0000000c99d00000,0x0000000c99e00000) (1024K)]
  0x0000018f7761d1c0 JavaThread "Reference Handler"          daemon [_thread_blocked, id=19444, stack(0x0000000c9a100000,0x0000000c9a200000) (1024K)]
  0x0000018f7761eb30 JavaThread "Finalizer"                  daemon [_thread_blocked, id=19440, stack(0x0000000c9a200000,0x0000000c9a300000) (1024K)]
  0x0000018f77620720 JavaThread "Signal Dispatcher"          daemon [_thread_blocked, id=19436, stack(0x0000000c9a300000,0x0000000c9a400000) (1024K)]
  0x0000018f77621370 JavaThread "Attach Listener"            daemon [_thread_blocked, id=19404, stack(0x0000000c9a400000,0x0000000c9a500000) (1024K)]
  0x0000018f77621fc0 JavaThread "Service Thread"             daemon [_thread_blocked, id=19432, stack(0x0000000c9a500000,0x0000000c9a600000) (1024K)]
  0x0000018f77624a20 JavaThread "Monitor Deflation Thread"   daemon [_thread_blocked, id=19428, stack(0x0000000c9a600000,0x0000000c9a700000) (1024K)]
=>0x0000018f77626600 JavaThread "C2 CompilerThread0"         daemon [_thread_in_native, id=19424, stack(0x0000000c9a700000,0x0000000c9a800000) (1024K)]
  0x0000018f50289dd0 JavaThread "C1 CompilerThread0"         daemon [_thread_in_native, id=19408, stack(0x0000000c9a800000,0x0000000c9a900000) (1024K)]
  0x0000018f5036ca80 JavaThread "Common-Cleaner"             daemon [_thread_blocked, id=18372, stack(0x0000000c9a900000,0x0000000c9aa00000) (1024K)]
  0x0000018f505ea2a0 JavaThread "Notification Thread"        daemon [_thread_blocked, id=16916, stack(0x0000000c9ab00000,0x0000000c9ac00000) (1024K)]
  0x0000018f56340cc0 JavaThread "Active Thread: Equinox Container: 91a5c837-adbc-4315-abc6-0656c17e4d38"        [_thread_blocked, id=18100, stack(0x0000000c9b300000,0x0000000c9b400000) (1024K)]
  0x0000018f519350f0 JavaThread "Refresh Thread: Equinox Container: 91a5c837-adbc-4315-abc6-0656c17e4d38" daemon [_thread_blocked, id=18984, stack(0x0000000c9b500000,0x0000000c9b600000) (1024K)]
  0x0000018f519b53a0 JavaThread "Framework Event Dispatcher: Equinox Container: 91a5c837-adbc-4315-abc6-0656c17e4d38" daemon [_thread_blocked, id=18896, stack(0x0000000c9b600000,0x0000000c9b700000) (1024K)]
  0x0000018f519aebe0 JavaThread "Start Level: Equinox Container: 91a5c837-adbc-4315-abc6-0656c17e4d38" daemon [_thread_blocked, id=19204, stack(0x0000000c9b700000,0x0000000c9b800000) (1024K)]
  0x0000018f56bc0be0 JavaThread "Bundle File Closer"         daemon [_thread_blocked, id=17696, stack(0x0000000c9ba00000,0x0000000c9bb00000) (1024K)]
  0x0000018f56bc3340 JavaThread "SCR Component Actor"        daemon [_thread_blocked, id=20336, stack(0x0000000c9aa00000,0x0000000c9ab00000) (1024K)]
  0x0000018f56bc2cb0 JavaThread "Worker-JM"                         [_thread_blocked, id=20124, stack(0x0000000c9ac00000,0x0000000c9ad00000) (1024K)]
  0x0000018f56bc39d0 JavaThread "JNA Cleaner"                daemon [_thread_blocked, id=20292, stack(0x0000000c9bc00000,0x0000000c9bd00000) (1024K)]
  0x0000018f576ece90 JavaThread "Java indexing"              daemon [_thread_in_Java, id=6368, stack(0x0000000c9bf00000,0x0000000c9c000000) (1024K)]
  0x0000018f576ec800 JavaThread "Thread-1"                   daemon [_thread_in_native, id=16568, stack(0x0000000c9c800000,0x0000000c9c900000) (1024K)]
  0x0000018f576ed520 JavaThread "Thread-2"                   daemon [_thread_in_native, id=8028, stack(0x0000000c9c900000,0x0000000c9ca00000) (1024K)]
  0x0000018f576ea730 JavaThread "Thread-3"                   daemon [_thread_in_native, id=6836, stack(0x0000000c9ca00000,0x0000000c9cb00000) (1024K)]
  0x0000018f576efc80 JavaThread "Thread-4"                   daemon [_thread_in_native, id=19652, stack(0x0000000c9cb00000,0x0000000c9cc00000) (1024K)]
  0x0000018f576eef60 JavaThread "Thread-5"                   daemon [_thread_in_native, id=18624, stack(0x0000000c9cc00000,0x0000000c9cd00000) (1024K)]
  0x0000018f576ef5f0 JavaThread "Thread-6"                   daemon [_thread_in_native, id=18620, stack(0x0000000c9cd00000,0x0000000c9ce00000) (1024K)]
  0x0000018f576ee240 JavaThread "Thread-7"                   daemon [_thread_in_native, id=18612, stack(0x0000000c9ce00000,0x0000000c9cf00000) (1024K)]
  0x0000018f576f0310 JavaThread "Thread-8"                   daemon [_thread_in_native, id=18968, stack(0x0000000c9cf00000,0x0000000c9d000000) (1024K)]
  0x0000018f576f1030 JavaThread "Thread-9"                   daemon [_thread_in_native, id=17952, stack(0x0000000c9d000000,0x0000000c9d100000) (1024K)]
  0x0000018f576f09a0 JavaThread "Thread-10"                  daemon [_thread_in_native, id=17648, stack(0x0000000c9d100000,0x0000000c9d200000) (1024K)]
  0x0000018f576f16c0 JavaThread "Thread-11"                  daemon [_thread_in_native, id=12968, stack(0x0000000c9d200000,0x0000000c9d300000) (1024K)]
  0x0000018f576ee8d0 JavaThread "Thread-12"                  daemon [_thread_in_native, id=11904, stack(0x0000000c9d300000,0x0000000c9d400000) (1024K)]
  0x0000018f5678d1d0 JavaThread "Thread-13"                  daemon [_thread_in_native, id=18404, stack(0x0000000c9d400000,0x0000000c9d500000) (1024K)]
  0x0000018f5678aa70 JavaThread "pool-2-thread-1"                   [_thread_blocked, id=19520, stack(0x0000000c9d500000,0x0000000c9d600000) (1024K)]
  0x0000018f5678b790 JavaThread "WorkspaceEventsHandler"            [_thread_in_vm, id=2440, stack(0x0000000c9d600000,0x0000000c9d700000) (1024K)]
  0x0000018f5678cb40 JavaThread "pool-1-thread-1"                   [_thread_blocked, id=18332, stack(0x0000000c9d700000,0x0000000c9d800000) (1024K)]
  0x0000018f5678c4b0 JavaThread "Timer-0"                           [_thread_blocked, id=20248, stack(0x0000000c9d900000,0x0000000c9da00000) (1024K)]
  0x0000018f60a30be0 JavaThread "Worker-9: Building"                [_thread_in_native, id=19808, stack(0x0000000c9bb00000,0x0000000c9bc00000) (1024K)]
  0x0000018f60a32620 JavaThread "Worker-10"                         [_thread_blocked, id=21828, stack(0x0000000c99a00000,0x0000000c99b00000) (1024K)]
  0x0000018f60a30550 JavaThread "Worker-11"                         [_thread_blocked, id=17632, stack(0x0000000c99b00000,0x0000000c99c00000) (1024K)]
  0x0000018f60a2eb10 JavaThread "Compiler Source File Reader" daemon [_thread_blocked, id=2184, stack(0x0000000c99c00000,0x0000000c99d00000) (1024K)]
  0x0000018f60a2f1a0 JavaThread "Compiler Source File Reader" daemon [_thread_blocked, id=17448, stack(0x0000000c9bd00000,0x0000000c9be00000) (1024K)]
  0x0000018f60a2ddf0 JavaThread "Compiler Source File Reader" daemon [_thread_blocked, id=11928, stack(0x0000000c9be00000,0x0000000c9bf00000) (1024K)]
  0x0000018f60a31900 JavaThread "Compiler Source File Reader" daemon [_thread_blocked, id=5692, stack(0x0000000c9c000000,0x0000000c9c100000) (1024K)]
  0x0000018f60a2f830 JavaThread "Compiler Source File Reader" daemon [_thread_blocked, id=15700, stack(0x0000000c9c100000,0x0000000c9c200000) (1024K)]
  0x0000018f60a2e480 JavaThread "Compiler Source File Reader" daemon [_thread_blocked, id=12280, stack(0x0000000c9c200000,0x0000000c9c300000) (1024K)]
  0x0000018f60a32cb0 JavaThread "Compiler Source File Reader" daemon [_thread_blocked, id=7048, stack(0x0000000c9c300000,0x0000000c9c400000) (1024K)]
  0x0000018f60a33340 JavaThread "Compiler Source File Reader" daemon [_thread_blocked, id=21024, stack(0x0000000c9c400000,0x0000000c9c500000) (1024K)]
  0x0000018f60a31f90 JavaThread "Compiler Source File Reader" daemon [_thread_blocked, id=19172, stack(0x0000000c9c500000,0x0000000c9c600000) (1024K)]
  0x0000018f60a2fec0 JavaThread "Compiler Source File Reader" daemon [_thread_blocked, id=5552, stack(0x0000000c9c600000,0x0000000c9c700000) (1024K)]
  0x0000018f645f8cf0 JavaThread "C2 CompilerThread1"         daemon [_thread_in_native, id=11800, stack(0x0000000c9c700000,0x0000000c9c800000) (1024K)]
  0x0000018f51ac1000 JavaThread "C2 CompilerThread2"         daemon [_thread_in_native, id=9376, stack(0x0000000c9d800000,0x0000000c9d900000) (1024K)]
  0x0000018f60a339d0 JavaThread "Compiler Processing Task"   daemon [_thread_in_vm, id=17476, stack(0x0000000c9da00000,0x0000000c9db00000) (1024K)]
Total: 53

Other Threads:
  0x0000018f777318f0 VMThread "VM Thread"                           [id=19396, stack(0x0000000c9a000000,0x0000000c9a100000) (1024K)]
  0x0000018f7750ca00 WatcherThread "VM Periodic Task Thread"        [id=19224, stack(0x0000000c99f00000,0x0000000c9a000000) (1024K)]
  0x0000018f776ce110 WorkerThread "GC Thread#0"                     [id=19232, stack(0x0000000c99e00000,0x0000000c99f00000) (1024K)]
  0x0000018f518968b0 WorkerThread "GC Thread#1"                     [id=18576, stack(0x0000000c9ad00000,0x0000000c9ae00000) (1024K)]
  0x0000018f51896c50 WorkerThread "GC Thread#2"                     [id=18000, stack(0x0000000c9ae00000,0x0000000c9af00000) (1024K)]
  0x0000018f51896ff0 WorkerThread "GC Thread#3"                     [id=7380, stack(0x0000000c9af00000,0x0000000c9b000000) (1024K)]
  0x0000018f51a89c20 WorkerThread "GC Thread#4"                     [id=18400, stack(0x0000000c9b000000,0x0000000c9b100000) (1024K)]
  0x0000018f51a89fc0 WorkerThread "GC Thread#5"                     [id=16576, stack(0x0000000c9b100000,0x0000000c9b200000) (1024K)]
  0x0000018f51a8a360 WorkerThread "GC Thread#6"                     [id=16588, stack(0x0000000c9b200000,0x0000000c9b300000) (1024K)]
  0x0000018f560c84f0 WorkerThread "GC Thread#7"                     [id=18972, stack(0x0000000c9b400000,0x0000000c9b500000) (1024K)]
  0x0000018f564b72e0 WorkerThread "GC Thread#8"                     [id=16624, stack(0x0000000c9b800000,0x0000000c9b900000) (1024K)]
  0x0000018f567224a0 WorkerThread "GC Thread#9"                     [id=19400, stack(0x0000000c9b900000,0x0000000c9ba00000) (1024K)]
Total: 12

Threads with active compile tasks:
C2 CompilerThread0  7084096 14677       4       org.eclipse.jdt.internal.core.builder.NameEnvironment::findClass (486 bytes)
C2 CompilerThread1  7084096 14831       4       org.eclipse.jdt.internal.compiler.ast.SwitchStatement::duplicateConstant (81 bytes)
C2 CompilerThread2  7084096 14751       4       org.eclipse.jdt.internal.compiler.lookup.Scope::getTypeOrPackage (1525 bytes)
Total: 3

VM state: not at safepoint (normal execution)

VM Mutex/Monitor currently owned by a thread: None

Heap address: 0x0000000080000000, size: 2048 MB, Compressed Oops mode: 32-bit

CDS archive(s) mapped at: [0x0000018f0f000000-0x0000018f0fba0000-0x0000018f0fba0000), size 12189696, SharedBaseAddress: 0x0000018f0f000000, ArchiveRelocationMode: 1.
Compressed class space mapped at: 0x0000018f10000000-0x0000018f50000000, reserved size: 1073741824
Narrow klass base: 0x0000018f0f000000, Narrow klass shift: 0, Narrow klass range: 0x100000000

GC Precious Log:
 CardTable entry size: 512
 CPUs: 12 total, 12 available
 Memory: 7521M
 Large Page Support: Disabled
 NUMA Support: Disabled
 Compressed Oops: Enabled (32-bit)
 Alignments: Space 512K, Generation 512K, Heap 2M
 Heap Min Capacity: 100M
 Heap Initial Capacity: 100M
 Heap Max Capacity: 2G
 Pre-touch: Disabled
 Parallel Workers: 10

Heap:
 PSYoungGen      total 5632K, used 3854K [0x00000000d5580000, 0x00000000d5d00000, 0x0000000100000000)
  eden space 4608K, 63% used [0x00000000d5580000,0x00000000d585b9b8,0x00000000d5a00000)
  from space 1024K, 90% used [0x00000000d5a00000,0x00000000d5ae8020,0x00000000d5b00000)
  to   space 1536K, 0% used [0x00000000d5b80000,0x00000000d5b80000,0x00000000d5d00000)
 ParOldGen       total 345600K, used 345180K [0x0000000080000000, 0x0000000095180000, 0x00000000d5580000)
  object space 345600K, 99% used [0x0000000080000000,0x0000000095117290,0x0000000095180000)
 Metaspace       used 72696K, committed 74112K, reserved 1114112K
  class space    used 7952K, committed 8576K, reserved 1048576K

Card table byte_map: [0x0000018f77020000,0x0000018f77430000] _byte_map_base: 0x0000018f76c20000

Marking Bits: (ParMarkBitMap*) 0x00007ff9dc9fa340
 Begin Bits: [0x0000018f7ab20000, 0x0000018f7cb20000)
 End Bits:   [0x0000018f7cb20000, 0x0000018f7eb20000)

Polling page: 0x0000018f754c0000

Metaspace:

Usage:
  Non-class:     63.23 MB used.
      Class:      7.77 MB used.
       Both:     70.99 MB used.

Virtual space:
  Non-class space:       64.00 MB reserved,      64.00 MB (100%) committed,  1 nodes.
      Class space:        1.00 GB reserved,       8.38 MB ( <1%) committed,  1 nodes.
             Both:        1.06 GB reserved,      72.38 MB (  7%) committed. 

Chunk freelists:
   Non-Class:  2.00 KB
       Class:  7.57 MB
        Both:  7.57 MB

MaxMetaspaceSize: unlimited
CompressedClassSpaceSize: 1.00 GB
Initial GC threshold: 21.00 MB
Current GC threshold: 97.31 MB
CDS: on
 - commit_granule_bytes: 65536.
 - commit_granule_words: 8192.
 - virtual_space_node_default_size: 8388608.
 - enlarge_chunks_in_place: 1.
 - use_allocation_guard: 0.


Internal statistics:

num_allocs_failed_limit: 11.
num_arena_births: 1324.
num_arena_deaths: 20.
num_vsnodes_births: 2.
num_vsnodes_deaths: 0.
num_space_committed: 1158.
num_space_uncommitted: 0.
num_chunks_returned_to_freelist: 31.
num_chunks_taken_from_freelist: 4756.
num_chunk_merges: 17.
num_chunk_splits: 2941.
num_chunks_enlarged: 1714.
num_inconsistent_stats: 0.

CodeHeap 'non-profiled nmethods': size=120000Kb used=11121Kb max_used=11121Kb free=108878Kb
 bounds [0x0000018f07ad0000, 0x0000018f085b0000, 0x0000018f0f000000]
CodeHeap 'profiled nmethods': size=120000Kb used=33922Kb max_used=33922Kb free=86077Kb
 bounds [0x0000018f00000000, 0x0000018f02130000, 0x0000018f07530000]
CodeHeap 'non-nmethods': size=5760Kb used=1457Kb max_used=1530Kb free=4302Kb
 bounds [0x0000018f07530000, 0x0000018f077a0000, 0x0000018f07ad0000]
CodeCache: size=245760Kb, used=46500Kb, max_used=46573Kb, free=199257Kb
 total_blobs=14838, nmethods=14084, adapters=656, full_count=0
Compilation: enabled, stopped_count=0, restarted_count=0

Compilation events (20 events):
Event: 7082.986 Thread 0x0000018f50289dd0 14827       2       org.eclipse.jdt.internal.compiler.codegen.ConstantPool::initialize (27 bytes)
Event: 7082.987 Thread 0x0000018f50289dd0 nmethod 14827 0x0000018f02109e10 code [0x0000018f02109fa0, 0x0000018f0210a0e8]
Event: 7082.989 Thread 0x0000018f50289dd0 14828       2       java.util.Arrays::fill (21 bytes)
Event: 7082.990 Thread 0x0000018f50289dd0 nmethod 14828 0x0000018f0210a190 code [0x0000018f0210a320, 0x0000018f0210a480]
Event: 7082.991 Thread 0x0000018f50289dd0 14829       2       org.eclipse.jdt.internal.compiler.lookup.MethodVerifier15::canSkipInheritedMethods (55 bytes)
Event: 7082.992 Thread 0x0000018f50289dd0 nmethod 14829 0x0000018f0210a590 code [0x0000018f0210a7a0, 0x0000018f0210acb8]
Event: 7082.992 Thread 0x0000018f50289dd0 14830   !   2       org.eclipse.jdt.internal.compiler.lookup.ParameterizedTypeBinding::methods (158 bytes)
Event: 7082.993 Thread 0x0000018f50289dd0 nmethod 14830 0x0000018f0210af90 code [0x0000018f0210b1a0, 0x0000018f0210b790]
Event: 7083.000 Thread 0x0000018f50289dd0 14832       2       org.eclipse.jdt.internal.compiler.lookup.SourceTypeBinding::faultInTypesForFieldsAndMethods (35 bytes)
Event: 7083.001 Thread 0x0000018f50289dd0 nmethod 14832 0x0000018f0210bb90 code [0x0000018f0210bd60, 0x0000018f0210bff0]
Event: 7083.001 Thread 0x0000018f50289dd0 14833       2       org.eclipse.jdt.internal.compiler.lookup.ReferenceBinding::getAccessFlags (9 bytes)
Event: 7083.001 Thread 0x0000018f50289dd0 nmethod 14833 0x0000018f0210c190 code [0x0000018f0210c320, 0x0000018f0210c430]
Event: 7083.007 Thread 0x0000018f50289dd0 14834       2       org.eclipse.jdt.internal.core.JavaModelManager$CompilationParticipants::managedMarkerTypes (17 bytes)
Event: 7083.008 Thread 0x0000018f50289dd0 nmethod 14834 0x0000018f0210c510 code [0x0000018f0210c6c0, 0x0000018f0210c800]
Event: 7083.008 Thread 0x0000018f50289dd0 14836       3       java.util.Vector::<init> (49 bytes)
Event: 7083.009 Thread 0x0000018f50289dd0 nmethod 14836 0x0000018f0210c890 code [0x0000018f0210cae0, 0x0000018f0210d2b0]
Event: 7083.013 Thread 0x0000018f50289dd0 14837       1       org.eclipse.jdt.internal.compiler.ast.SuperReference::isUnqualifiedSuper (2 bytes)
Event: 7083.013 Thread 0x0000018f50289dd0 nmethod 14837 0x0000018f0859f610 code [0x0000018f0859f7a0, 0x0000018f0859f868]
Event: 7083.013 Thread 0x0000018f50289dd0 14838       1       org.eclipse.jdt.internal.compiler.ast.SuperReference::isImplicitThis (2 bytes)
Event: 7083.013 Thread 0x0000018f50289dd0 nmethod 14838 0x0000018f0859f910 code [0x0000018f0859faa0, 0x0000018f0859fb68]

GC Heap History (20 events):
Event: 7082.554 GC heap before
{Heap before GC invocations=344 (full 3):
 PSYoungGen      total 7168K, used 6747K [0x00000000d5580000, 0x00000000d5e80000, 0x0000000100000000)
  eden space 5120K, 99% used [0x00000000d5580000,0x00000000d5a7ffd8,0x00000000d5a80000)
  from space 2048K, 79% used [0x00000000d5c80000,0x00000000d5e17010,0x00000000d5e80000)
  to   space 2048K, 0% used [0x00000000d5a80000,0x00000000d5a80000,0x00000000d5c80000)
 ParOldGen       total 328704K, used 328216K [0x0000000080000000, 0x0000000094100000, 0x00000000d5580000)
  object space 328704K, 99% used [0x0000000080000000,0x0000000094086000,0x0000000094100000)
 Metaspace       used 72494K, committed 73984K, reserved 1114112K
  class space    used 7950K, committed 8576K, reserved 1048576K
}
Event: 7082.558 GC heap after
{Heap after GC invocations=344 (full 3):
 PSYoungGen      total 7168K, used 1554K [0x00000000d5580000, 0x00000000d5e80000, 0x0000000100000000)
  eden space 5120K, 0% used [0x00000000d5580000,0x00000000d5580000,0x00000000d5a80000)
  from space 2048K, 75% used [0x00000000d5a80000,0x00000000d5c04bf0,0x00000000d5c80000)
  to   space 2048K, 0% used [0x00000000d5c80000,0x00000000d5c80000,0x00000000d5e80000)
 ParOldGen       total 331776K, used 330936K [0x0000000080000000, 0x0000000094400000, 0x00000000d5580000)
  object space 331776K, 99% used [0x0000000080000000,0x000000009432e010,0x0000000094400000)
 Metaspace       used 72494K, committed 73984K, reserved 1114112K
  class space    used 7950K, committed 8576K, reserved 1048576K
}
Event: 7082.614 GC heap before
{Heap before GC invocations=345 (full 3):
 PSYoungGen      total 7168K, used 6674K [0x00000000d5580000, 0x00000000d5e80000, 0x0000000100000000)
  eden space 5120K, 100% used [0x00000000d5580000,0x00000000d5a80000,0x00000000d5a80000)
  from space 2048K, 75% used [0x00000000d5a80000,0x00000000d5c04bf0,0x00000000d5c80000)
  to   space 2048K, 0% used [0x00000000d5c80000,0x00000000d5c80000,0x00000000d5e80000)
 ParOldGen       total 331776K, used 330936K [0x0000000080000000, 0x0000000094400000, 0x00000000d5580000)
  object space 331776K, 99% used [0x0000000080000000,0x000000009432e010,0x0000000094400000)
 Metaspace       used 72502K, committed 73984K, reserved 1114112K
  class space    used 7950K, committed 8576K, reserved 1048576K
}
Event: 7082.617 GC heap after
{Heap after GC invocations=345 (full 3):
 PSYoungGen      total 7168K, used 1536K [0x00000000d5580000, 0x00000000d5e80000, 0x0000000100000000)
  eden space 5120K, 0% used [0x00000000d5580000,0x00000000d5580000,0x00000000d5a80000)
  from space 2048K, 75% used [0x00000000d5c80000,0x00000000d5e00000,0x00000000d5e80000)
  to   space 2048K, 0% used [0x00000000d5a80000,0x00000000d5a80000,0x00000000d5c80000)
 ParOldGen       total 332800K, used 332325K [0x0000000080000000, 0x0000000094500000, 0x00000000d5580000)
  object space 332800K, 99% used [0x0000000080000000,0x00000000944894f8,0x0000000094500000)
 Metaspace       used 72502K, committed 73984K, reserved 1114112K
  class space    used 7950K, committed 8576K, reserved 1048576K
}
Event: 7082.658 GC heap before
{Heap before GC invocations=346 (full 3):
 PSYoungGen      total 7168K, used 6656K [0x00000000d5580000, 0x00000000d5e80000, 0x0000000100000000)
  eden space 5120K, 100% used [0x00000000d5580000,0x00000000d5a80000,0x00000000d5a80000)
  from space 2048K, 75% used [0x00000000d5c80000,0x00000000d5e00000,0x00000000d5e80000)
  to   space 2048K, 0% used [0x00000000d5a80000,0x00000000d5a80000,0x00000000d5c80000)
 ParOldGen       total 332800K, used 332325K [0x0000000080000000, 0x0000000094500000, 0x00000000d5580000)
  object space 332800K, 99% used [0x0000000080000000,0x00000000944894f8,0x0000000094500000)
 Metaspace       used 72510K, committed 73984K, reserved 1114112K
  class space    used 7950K, committed 8576K, reserved 1048576K
}
Event: 7082.661 GC heap after
{Heap after GC invocations=346 (full 3):
 PSYoungGen      total 7168K, used 1728K [0x00000000d5580000, 0x00000000d5e80000, 0x0000000100000000)
  eden space 5120K, 0% used [0x00000000d5580000,0x00000000d5580000,0x00000000d5a80000)
  from space 2048K, 84% used [0x00000000d5a80000,0x00000000d5c30000,0x00000000d5c80000)
  to   space 2048K, 0% used [0x00000000d5c80000,0x00000000d5c80000,0x00000000d5e80000)
 ParOldGen       total 333824K, used 333755K [0x0000000080000000, 0x0000000094600000, 0x00000000d5580000)
  object space 333824K, 99% used [0x0000000080000000,0x00000000945eef78,0x0000000094600000)
 Metaspace       used 72510K, committed 73984K, reserved 1114112K
  class space    used 7950K, committed 8576K, reserved 1048576K
}
Event: 7082.718 GC heap before
{Heap before GC invocations=347 (full 3):
 PSYoungGen      total 7168K, used 6848K [0x00000000d5580000, 0x00000000d5e80000, 0x0000000100000000)
  eden space 5120K, 100% used [0x00000000d5580000,0x00000000d5a80000,0x00000000d5a80000)
  from space 2048K, 84% used [0x00000000d5a80000,0x00000000d5c30000,0x00000000d5c80000)
  to   space 2048K, 0% used [0x00000000d5c80000,0x00000000d5c80000,0x00000000d5e80000)
 ParOldGen       total 333824K, used 333755K [0x0000000080000000, 0x0000000094600000, 0x00000000d5580000)
  object space 333824K, 99% used [0x0000000080000000,0x00000000945eef78,0x0000000094600000)
 Metaspace       used 72545K, committed 73984K, reserved 1114112K
  class space    used 7950K, committed 8576K, reserved 1048576K
}
Event: 7082.721 GC heap after
{Heap after GC invocations=347 (full 3):
 PSYoungGen      total 6656K, used 1167K [0x00000000d5580000, 0x00000000d5e00000, 0x0000000100000000)
  eden space 5120K, 0% used [0x00000000d5580000,0x00000000d5580000,0x00000000d5a80000)
  from space 1536K, 76% used [0x00000000d5c80000,0x00000000d5da3e90,0x00000000d5e00000)
  to   space 1536K, 0% used [0x00000000d5b00000,0x00000000d5b00000,0x00000000d5c80000)
 ParOldGen       total 335872K, used 335360K [0x0000000080000000, 0x0000000094800000, 0x00000000d5580000)
  object space 335872K, 99% used [0x0000000080000000,0x0000000094780348,0x0000000094800000)
 Metaspace       used 72545K, committed 73984K, reserved 1114112K
  class space    used 7950K, committed 8576K, reserved 1048576K
}
Event: 7082.775 GC heap before
{Heap before GC invocations=348 (full 3):
 PSYoungGen      total 6656K, used 6287K [0x00000000d5580000, 0x00000000d5e00000, 0x0000000100000000)
  eden space 5120K, 100% used [0x00000000d5580000,0x00000000d5a80000,0x00000000d5a80000)
  from space 1536K, 76% used [0x00000000d5c80000,0x00000000d5da3e90,0x00000000d5e00000)
  to   space 1536K, 0% used [0x00000000d5b00000,0x00000000d5b00000,0x00000000d5c80000)
 ParOldGen       total 335872K, used 335360K [0x0000000080000000, 0x0000000094800000, 0x00000000d5580000)
  object space 335872K, 99% used [0x0000000080000000,0x0000000094780348,0x0000000094800000)
 Metaspace       used 72584K, committed 74048K, reserved 1114112K
  class space    used 7950K, committed 8576K, reserved 1048576K
}
Event: 7082.780 GC heap after
{Heap after GC invocations=348 (full 3):
 PSYoungGen      total 6656K, used 1056K [0x00000000d5580000, 0x00000000d5d80000, 0x0000000100000000)
  eden space 5120K, 0% used [0x00000000d5580000,0x00000000d5580000,0x00000000d5a80000)
  from space 1536K, 68% used [0x00000000d5b00000,0x00000000d5c08000,0x00000000d5c80000)
  to   space 1024K, 0% used [0x00000000d5c80000,0x00000000d5c80000,0x00000000d5d80000)
 ParOldGen       total 336896K, used 336395K [0x0000000080000000, 0x0000000094900000, 0x00000000d5580000)
  object space 336896K, 99% used [0x0000000080000000,0x0000000094882d00,0x0000000094900000)
 Metaspace       used 72584K, committed 74048K, reserved 1114112K
  class space    used 7950K, committed 8576K, reserved 1048576K
}
Event: 7082.849 GC heap before
{Heap before GC invocations=349 (full 3):
 PSYoungGen      total 6656K, used 6176K [0x00000000d5580000, 0x00000000d5d80000, 0x0000000100000000)
  eden space 5120K, 100% used [0x00000000d5580000,0x00000000d5a80000,0x00000000d5a80000)
  from space 1536K, 68% used [0x00000000d5b00000,0x00000000d5c08000,0x00000000d5c80000)
  to   space 1024K, 0% used [0x00000000d5c80000,0x00000000d5c80000,0x00000000d5d80000)
 ParOldGen       total 336896K, used 336395K [0x0000000080000000, 0x0000000094900000, 0x00000000d5580000)
  object space 336896K, 99% used [0x0000000080000000,0x0000000094882d00,0x0000000094900000)
 Metaspace       used 72610K, committed 74048K, reserved 1114112K
  class space    used 7950K, committed 8576K, reserved 1048576K
}
Event: 7082.852 GC heap after
{Heap after GC invocations=349 (full 3):
 PSYoungGen      total 6144K, used 832K [0x00000000d5580000, 0x00000000d5d80000, 0x0000000100000000)
  eden space 5120K, 0% used [0x00000000d5580000,0x00000000d5580000,0x00000000d5a80000)
  from space 1024K, 81% used [0x00000000d5c80000,0x00000000d5d50020,0x00000000d5d80000)
  to   space 1024K, 0% used [0x00000000d5b80000,0x00000000d5b80000,0x00000000d5c80000)
 ParOldGen       total 337408K, used 337331K [0x0000000080000000, 0x0000000094980000, 0x00000000d5580000)
  object space 337408K, 99% used [0x0000000080000000,0x000000009496cd00,0x0000000094980000)
 Metaspace       used 72610K, committed 74048K, reserved 1114112K
  class space    used 7950K, committed 8576K, reserved 1048576K
}
Event: 7082.861 GC heap before
{Heap before GC invocations=350 (full 3):
 PSYoungGen      total 6144K, used 3974K [0x00000000d5580000, 0x00000000d5d80000, 0x0000000100000000)
  eden space 5120K, 61% used [0x00000000d5580000,0x00000000d5891a70,0x00000000d5a80000)
  from space 1024K, 81% used [0x00000000d5c80000,0x00000000d5d50020,0x00000000d5d80000)
  to   space 1024K, 0% used [0x00000000d5b80000,0x00000000d5b80000,0x00000000d5c80000)
 ParOldGen       total 337408K, used 337331K [0x0000000080000000, 0x0000000094980000, 0x00000000d5580000)
  object space 337408K, 99% used [0x0000000080000000,0x000000009496cd00,0x0000000094980000)
 Metaspace       used 72610K, committed 74048K, reserved 1114112K
  class space    used 7950K, committed 8576K, reserved 1048576K
}
Event: 7082.866 GC heap after
{Heap after GC invocations=350 (full 3):
 PSYoungGen      total 5632K, used 368K [0x00000000d5580000, 0x00000000d5d00000, 0x0000000100000000)
  eden space 5120K, 0% used [0x00000000d5580000,0x00000000d5580000,0x00000000d5a80000)
  from space 512K, 71% used [0x00000000d5b80000,0x00000000d5bdc010,0x00000000d5c00000)
  to   space 1024K, 0% used [0x00000000d5c00000,0x00000000d5c00000,0x00000000d5d00000)
 ParOldGen       total 340992K, used 340531K [0x0000000080000000, 0x0000000094d00000, 0x00000000d5580000)
  object space 340992K, 99% used [0x0000000080000000,0x0000000094c8cd30,0x0000000094d00000)
 Metaspace       used 72610K, committed 74048K, reserved 1114112K
  class space    used 7950K, committed 8576K, reserved 1048576K
}
Event: 7082.914 GC heap before
{Heap before GC invocations=351 (full 3):
 PSYoungGen      total 5632K, used 5488K [0x00000000d5580000, 0x00000000d5d00000, 0x0000000100000000)
  eden space 5120K, 100% used [0x00000000d5580000,0x00000000d5a80000,0x00000000d5a80000)
  from space 512K, 71% used [0x00000000d5b80000,0x00000000d5bdc010,0x00000000d5c00000)
  to   space 1024K, 0% used [0x00000000d5c00000,0x00000000d5c00000,0x00000000d5d00000)
 ParOldGen       total 340992K, used 340531K [0x0000000080000000, 0x0000000094d00000, 0x00000000d5580000)
  object space 340992K, 99% used [0x0000000080000000,0x0000000094c8cd30,0x0000000094d00000)
 Metaspace       used 72613K, committed 74048K, reserved 1114112K
  class space    used 7950K, committed 8576K, reserved 1048576K
}
Event: 7082.919 GC heap after
{Heap after GC invocations=351 (full 3):
 PSYoungGen      total 5632K, used 320K [0x00000000d5580000, 0x00000000d5c80000, 0x0000000100000000)
  eden space 5120K, 0% used [0x00000000d5580000,0x00000000d5580000,0x00000000d5a80000)
  from space 512K, 62% used [0x00000000d5c00000,0x00000000d5c50000,0x00000000d5c80000)
  to   space 512K, 0% used [0x00000000d5b80000,0x00000000d5b80000,0x00000000d5c00000)
 ParOldGen       total 343552K, used 343203K [0x0000000080000000, 0x0000000094f80000, 0x00000000d5580000)
  object space 343552K, 99% used [0x0000000080000000,0x0000000094f28d50,0x0000000094f80000)
 Metaspace       used 72613K, committed 74048K, reserved 1114112K
  class space    used 7950K, committed 8576K, reserved 1048576K
}
Event: 7082.972 GC heap before
{Heap before GC invocations=352 (full 3):
 PSYoungGen      total 5632K, used 5439K [0x00000000d5580000, 0x00000000d5c80000, 0x0000000100000000)
  eden space 5120K, 99% used [0x00000000d5580000,0x00000000d5a7fff0,0x00000000d5a80000)
  from space 512K, 62% used [0x00000000d5c00000,0x00000000d5c50000,0x00000000d5c80000)
  to   space 512K, 0% used [0x00000000d5b80000,0x00000000d5b80000,0x00000000d5c00000)
 ParOldGen       total 343552K, used 343203K [0x0000000080000000, 0x0000000094f80000, 0x00000000d5580000)
  object space 343552K, 99% used [0x0000000080000000,0x0000000094f28d50,0x0000000094f80000)
 Metaspace       used 72635K, committed 74048K, reserved 1114112K
  class space    used 7952K, committed 8576K, reserved 1048576K
}
Event: 7082.974 GC heap after
{Heap after GC invocations=352 (full 3):
 PSYoungGen      total 5632K, used 512K [0x00000000d5580000, 0x00000000d5c80000, 0x0000000100000000)
  eden space 5120K, 0% used [0x00000000d5580000,0x00000000d5580000,0x00000000d5a80000)
  from space 512K, 100% used [0x00000000d5b80000,0x00000000d5c00000,0x00000000d5c00000)
  to   space 512K, 0% used [0x00000000d5c00000,0x00000000d5c00000,0x00000000d5c80000)
 ParOldGen       total 344064K, used 343555K [0x0000000080000000, 0x0000000095000000, 0x00000000d5580000)
  object space 344064K, 99% used [0x0000000080000000,0x0000000094f80c60,0x0000000095000000)
 Metaspace       used 72635K, committed 74048K, reserved 1114112K
  class space    used 7952K, committed 8576K, reserved 1048576K
}
Event: 7083.015 GC heap before
{Heap before GC invocations=353 (full 3):
 PSYoungGen      total 5632K, used 5632K [0x00000000d5580000, 0x00000000d5c80000, 0x0000000100000000)
  eden space 5120K, 100% used [0x00000000d5580000,0x00000000d5a80000,0x00000000d5a80000)
  from space 512K, 100% used [0x00000000d5b80000,0x00000000d5c00000,0x00000000d5c00000)
  to   space 512K, 0% used [0x00000000d5c00000,0x00000000d5c00000,0x00000000d5c80000)
 ParOldGen       total 344064K, used 343555K [0x0000000080000000, 0x0000000095000000, 0x00000000d5580000)
  object space 344064K, 99% used [0x0000000080000000,0x0000000094f80c60,0x0000000095000000)
 Metaspace       used 72643K, committed 74048K, reserved 1114112K
  class space    used 7952K, committed 8576K, reserved 1048576K
}
Event: 7084.024 GC heap after
{Heap after GC invocations=353 (full 3):
 PSYoungGen      total 5120K, used 512K [0x00000000d5580000, 0x00000000d5e80000, 0x0000000100000000)
  eden space 4608K, 0% used [0x00000000d5580000,0x00000000d5580000,0x00000000d5a00000)
  from space 512K, 100% used [0x00000000d5c00000,0x00000000d5c80000,0x00000000d5c80000)
  to   space 2048K, 0% used [0x00000000d5a00000,0x00000000d5a00000,0x00000000d5c00000)
 ParOldGen       total 345088K, used 344620K [0x0000000080000000, 0x0000000095100000, 0x00000000d5580000)
  object space 345088K, 99% used [0x0000000080000000,0x000000009508b358,0x0000000095100000)
 Metaspace       used 72643K, committed 74048K, reserved 1114112K
  class space    used 7952K, committed 8576K, reserved 1048576K
}

Dll operation events (13 events):
Event: 0.013 Loaded shared library c:\Users\veera\.vscode\extensions\redhat.java-1.46.0-win32-x64\jre\21.0.8-win32-x86_64\bin\java.dll
Event: 0.116 Loaded shared library c:\Users\veera\.vscode\extensions\redhat.java-1.46.0-win32-x64\jre\21.0.8-win32-x86_64\bin\zip.dll
Event: 0.140 Loaded shared library C:\Users\veera\.vscode\extensions\redhat.java-1.46.0-win32-x64\jre\21.0.8-win32-x86_64\bin\instrument.dll
Event: 0.145 Loaded shared library C:\Users\veera\.vscode\extensions\redhat.java-1.46.0-win32-x64\jre\21.0.8-win32-x86_64\bin\net.dll
Event: 0.148 Loaded shared library C:\Users\veera\.vscode\extensions\redhat.java-1.46.0-win32-x64\jre\21.0.8-win32-x86_64\bin\nio.dll
Event: 0.152 Loaded shared library C:\Users\veera\.vscode\extensions\redhat.java-1.46.0-win32-x64\jre\21.0.8-win32-x86_64\bin\zip.dll
Event: 0.174 Loaded shared library C:\Users\veera\.vscode\extensions\redhat.java-1.46.0-win32-x64\jre\21.0.8-win32-x86_64\bin\jimage.dll
Event: 0.256 Loaded shared library c:\Users\veera\.vscode\extensions\redhat.java-1.46.0-win32-x64\jre\21.0.8-win32-x86_64\bin\verify.dll
Event: 1.425 Loaded shared library C:\Users\veera\AppData\Roaming\Code\User\globalStorage\redhat.java\1.46.0\config_win\org.eclipse.equinox.launcher\org.eclipse.equinox.launcher.win32.win32.x86_64_1.2.1400.v20250801-0854\eclipse_11916.dll
Event: 3.822 Loaded shared library C:\Users\veera\AppData\Local\Temp\jna-112085061\jna12024527226276291323.dll
Event: 9.663 Loaded shared library C:\Users\veera\.gradle\native\1def1411415f61bf3af743bc5b6707747c0891f09f0c88961ee8f79bc544acac\windows-amd64\native-platform.dll
Event: 11.025 Loaded shared library C:\Users\veera\.vscode\extensions\redhat.java-1.46.0-win32-x64\jre\21.0.8-win32-x86_64\bin\management.dll
Event: 11.030 Loaded shared library C:\Users\veera\.vscode\extensions\redhat.java-1.46.0-win32-x64\jre\21.0.8-win32-x86_64\bin\management_ext.dll

Deoptimization events (20 events):
Event: 7082.842 Thread 0x0000018f60a339d0 DEOPT PACKING pc=0x0000018f01dbabf7 sp=0x0000000c9dafeb60
Event: 7082.842 Thread 0x0000018f60a339d0 DEOPT UNPACKING pc=0x0000018f07584242 sp=0x0000000c9dafe020 mode 0
Event: 7082.847 Thread 0x0000018f60a339d0 Uncommon trap: trap_request=0xffffff45 fr.pc=0x0000018f0858b390 relative=0x00000000000002b0
Event: 7082.847 Thread 0x0000018f60a339d0 Uncommon trap: reason=unstable_if action=reinterpret pc=0x0000018f0858b390 method=lombok.eclipse.EclipseAST.buildTypeUse(Lorg/eclipse/jdt/internal/compiler/ast/TypeReference;)Llombok/eclipse/EclipseNode; @ 5 c2
Event: 7082.847 Thread 0x0000018f60a339d0 DEOPT PACKING pc=0x0000018f0858b390 sp=0x0000000c9dafe370
Event: 7082.847 Thread 0x0000018f60a339d0 DEOPT UNPACKING pc=0x0000018f07583aa2 sp=0x0000000c9dafe330 mode 2
Event: 7082.944 Thread 0x0000018f60a339d0 DEOPT PACKING pc=0x0000018f01dbabf7 sp=0x0000000c9dafec00
Event: 7082.944 Thread 0x0000018f60a339d0 DEOPT UNPACKING pc=0x0000018f07584242 sp=0x0000000c9dafe0c0 mode 0
Event: 7082.963 Thread 0x0000018f60a339d0 DEOPT PACKING pc=0x0000018f01dbabf7 sp=0x0000000c9dafeb60
Event: 7082.963 Thread 0x0000018f60a339d0 DEOPT UNPACKING pc=0x0000018f07584242 sp=0x0000000c9dafe020 mode 0
Event: 7082.969 Thread 0x0000018f60a339d0 DEOPT PACKING pc=0x0000018f0196a629 sp=0x0000000c9dafe780
Event: 7082.970 Thread 0x0000018f60a339d0 DEOPT UNPACKING pc=0x0000018f07584242 sp=0x0000000c9dafdc10 mode 0
Event: 7082.981 Thread 0x0000018f60a339d0 DEOPT PACKING pc=0x0000018f01dbabf7 sp=0x0000000c9dafec00
Event: 7082.981 Thread 0x0000018f60a339d0 DEOPT UNPACKING pc=0x0000018f07584242 sp=0x0000000c9dafe0c0 mode 0
Event: 7082.999 Thread 0x0000018f60a339d0 DEOPT PACKING pc=0x0000018f01dbabf7 sp=0x0000000c9dafec00
Event: 7082.999 Thread 0x0000018f60a339d0 DEOPT UNPACKING pc=0x0000018f07584242 sp=0x0000000c9dafe0c0 mode 0
Event: 7083.009 Thread 0x0000018f60a30be0 DEOPT PACKING pc=0x0000018f01eeb922 sp=0x0000000c9bbfe360
Event: 7083.009 Thread 0x0000018f60a339d0 DEOPT PACKING pc=0x0000018f01dbabf7 sp=0x0000000c9dafec10
Event: 7083.009 Thread 0x0000018f60a339d0 DEOPT UNPACKING pc=0x0000018f07584242 sp=0x0000000c9dafe0d0 mode 0
Event: 7083.009 Thread 0x0000018f60a30be0 DEOPT UNPACKING pc=0x0000018f07584242 sp=0x0000000c9bbfd8f8 mode 0

Classes loaded (20 events):
Event: 308.249 Loading class java/util/function/LongFunction
Event: 308.253 Loading class java/util/function/LongFunction done
Event: 308.258 Loading class java/util/stream/Nodes$ConcNode
Event: 308.263 Loading class java/util/stream/Nodes$AbstractConcNode
Event: 308.268 Loading class java/util/stream/Nodes$AbstractConcNode done
Event: 308.268 Loading class java/util/stream/Nodes$ConcNode done
Event: 308.439 Loading class java/util/stream/Nodes$ToArrayTask$OfRef
Event: 308.441 Loading class java/util/stream/Nodes$ToArrayTask
Event: 308.443 Loading class java/util/stream/Nodes$ToArrayTask done
Event: 308.443 Loading class java/util/stream/Nodes$ToArrayTask$OfRef done
Event: 308.458 Loading class java/io/ObjectOutputStream$BlockDataOutputStream
Event: 308.462 Loading class java/io/ObjectOutputStream$BlockDataOutputStream done
Event: 308.462 Loading class java/io/ObjectOutputStream$HandleTable
Event: 308.464 Loading class java/io/ObjectOutputStream$HandleTable done
Event: 308.464 Loading class java/io/ObjectOutputStream$ReplaceTable
Event: 308.465 Loading class java/io/ObjectOutputStream$ReplaceTable done
Event: 3973.055 Loading class java/lang/UnsupportedClassVersionError
Event: 3973.057 Loading class java/lang/UnsupportedClassVersionError done
Event: 3978.770 Loading class jdk/internal/math/FDBigInteger
Event: 3978.773 Loading class jdk/internal/math/FDBigInteger done

Classes unloaded (10 events):
Event: 4.762 Thread 0x0000018f777318f0 Unloading class 0x0000018f101a8c00 'java/lang/invoke/LambdaForm$MH+0x0000018f101a8c00'
Event: 4.762 Thread 0x0000018f777318f0 Unloading class 0x0000018f101a8800 'java/lang/invoke/LambdaForm$MH+0x0000018f101a8800'
Event: 4.762 Thread 0x0000018f777318f0 Unloading class 0x0000018f101a8400 'java/lang/invoke/LambdaForm$MH+0x0000018f101a8400'
Event: 4.762 Thread 0x0000018f777318f0 Unloading class 0x0000018f101a8000 'java/lang/invoke/LambdaForm$MH+0x0000018f101a8000'
Event: 4.762 Thread 0x0000018f777318f0 Unloading class 0x0000018f101a7c00 'java/lang/invoke/LambdaForm$BMH+0x0000018f101a7c00'
Event: 4.762 Thread 0x0000018f777318f0 Unloading class 0x0000018f101a7800 'java/lang/invoke/LambdaForm$DMH+0x0000018f101a7800'
Event: 4.762 Thread 0x0000018f777318f0 Unloading class 0x0000018f101a6400 'java/lang/invoke/LambdaForm$DMH+0x0000018f101a6400'
Event: 6.262 Thread 0x0000018f777318f0 Unloading class 0x0000018f10331800 'java/lang/invoke/LambdaForm$MH+0x0000018f10331800'
Event: 6.262 Thread 0x0000018f777318f0 Unloading class 0x0000018f10330c00 'java/lang/invoke/LambdaForm$MH+0x0000018f10330c00'
Event: 6.262 Thread 0x0000018f777318f0 Unloading class 0x0000018f1032b800 'java/lang/invoke/LambdaForm$MH+0x0000018f1032b800'

Classes redefined (0 events):
No events

Internal exceptions (20 events):
Event: 4273.826 Thread 0x0000018f60a32620 Exception <a 'sun/nio/fs/WindowsException'{0x00000000d56feca0}> (0x00000000d56feca0) 
thrown [s\src\hotspot\share\prims\jni.cpp, line 520]
Event: 4273.828 Thread 0x0000018f60a32620 Exception <a 'sun/nio/fs/WindowsException'{0x00000000d56ffa30}> (0x00000000d56ffa30) 
thrown [s\src\hotspot\share\prims\jni.cpp, line 520]
Event: 4273.883 Thread 0x0000018f60a32620 Exception <a 'sun/nio/fs/WindowsException'{0x00000000d5581708}> (0x00000000d5581708) 
thrown [s\src\hotspot\share\prims\jni.cpp, line 520]
Event: 4273.883 Thread 0x0000018f60a32620 Exception <a 'sun/nio/fs/WindowsException'{0x00000000d5582240}> (0x00000000d5582240) 
thrown [s\src\hotspot\share\prims\jni.cpp, line 520]
Event: 4273.901 Thread 0x0000018f60a32620 Exception <a 'sun/nio/fs/WindowsException'{0x00000000d55b3e30}> (0x00000000d55b3e30) 
thrown [s\src\hotspot\share\prims\jni.cpp, line 520]
Event: 4273.901 Thread 0x0000018f60a32620 Exception <a 'sun/nio/fs/WindowsException'{0x00000000d55b4950}> (0x00000000d55b4950) 
thrown [s\src\hotspot\share\prims\jni.cpp, line 520]
Event: 4273.902 Thread 0x0000018f60a32620 Exception <a 'sun/nio/fs/WindowsException'{0x00000000d55b6278}> (0x00000000d55b6278) 
thrown [s\src\hotspot\share\prims\jni.cpp, line 520]
Event: 4273.902 Thread 0x0000018f60a32620 Exception <a 'sun/nio/fs/WindowsException'{0x00000000d55b6dc8}> (0x00000000d55b6dc8) 
thrown [s\src\hotspot\share\prims\jni.cpp, line 520]
Event: 4273.903 Thread 0x0000018f60a32620 Exception <a 'sun/nio/fs/WindowsException'{0x00000000d55ba518}> (0x00000000d55ba518) 
thrown [s\src\hotspot\share\prims\jni.cpp, line 520]
Event: 4273.903 Thread 0x0000018f60a32620 Exception <a 'sun/nio/fs/WindowsException'{0x00000000d55bb038}> (0x00000000d55bb038) 
thrown [s\src\hotspot\share\prims\jni.cpp, line 520]
Event: 4273.903 Thread 0x0000018f60a32620 Exception <a 'sun/nio/fs/WindowsException'{0x00000000d55bca18}> (0x00000000d55bca18) 
thrown [s\src\hotspot\share\prims\jni.cpp, line 520]
Event: 4273.903 Thread 0x0000018f60a32620 Exception <a 'sun/nio/fs/WindowsException'{0x00000000d55bd540}> (0x00000000d55bd540) 
thrown [s\src\hotspot\share\prims\jni.cpp, line 520]
Event: 7081.606 Thread 0x0000018f5678b790 Exception <a 'sun/nio/fs/WindowsException'{0x00000000d565e628}> (0x00000000d565e628) 
thrown [s\src\hotspot\share\prims\jni.cpp, line 520]
Event: 7081.691 Thread 0x0000018f576ece90 Exception <a 'sun/nio/fs/WindowsException'{0x00000000d569e5c0}> (0x00000000d569e5c0) 
thrown [s\src\hotspot\share\prims\jni.cpp, line 520]
Event: 7081.760 Thread 0x0000018f5678b790 Exception <a 'sun/nio/fs/WindowsException'{0x00000000d55b9448}> (0x00000000d55b9448) 
thrown [s\src\hotspot\share\prims\jni.cpp, line 520]
Event: 7081.844 Thread 0x0000018f5678b790 Exception <a 'sun/nio/fs/WindowsException'{0x00000000d5722d08}> (0x00000000d5722d08) 
thrown [s\src\hotspot\share\prims\jni.cpp, line 520]
Event: 7081.894 Thread 0x0000018f5678b790 Exception <a 'sun/nio/fs/WindowsException'{0x00000000d564c100}> (0x00000000d564c100) 
thrown [s\src\hotspot\share\prims\jni.cpp, line 520]
Event: 7081.985 Thread 0x0000018f5678b790 Exception <a 'sun/nio/fs/WindowsException'{0x00000000d583c218}> (0x00000000d583c218) 
thrown [s\src\hotspot\share\prims\jni.cpp, line 520]
Event: 7082.062 Thread 0x0000018f5678b790 Exception <a 'sun/nio/fs/WindowsException'{0x00000000d57bc340}> (0x00000000d57bc340) 
thrown [s\src\hotspot\share\prims\jni.cpp, line 520]
Event: 7082.248 Thread 0x0000018f5678b790 Exception <a 'sun/nio/fs/WindowsException'{0x00000000d5902550}> (0x00000000d5902550) 
thrown [s\src\hotspot\share\prims\jni.cpp, line 520]

ZGC Phase Switch (0 events):
No events

VM Operations (20 events):
Event: 7082.554 Executing VM operation: ParallelGCFailedAllocation (Allocation Failure)
Event: 7082.558 Executing VM operation: ParallelGCFailedAllocation (Allocation Failure) done
Event: 7082.599 Executing VM operation: ParallelGCFailedAllocation (Allocation Failure)
Event: 7082.617 Executing VM operation: ParallelGCFailedAllocation (Allocation Failure) done
Event: 7082.651 Executing VM operation: ParallelGCFailedAllocation (Allocation Failure)
Event: 7082.661 Executing VM operation: ParallelGCFailedAllocation (Allocation Failure) done
Event: 7082.718 Executing VM operation: ParallelGCFailedAllocation (Allocation Failure)
Event: 7082.721 Executing VM operation: ParallelGCFailedAllocation (Allocation Failure) done
Event: 7082.775 Executing VM operation: ParallelGCFailedAllocation (Allocation Failure)
Event: 7082.780 Executing VM operation: ParallelGCFailedAllocation (Allocation Failure) done
Event: 7082.849 Executing VM operation: ParallelGCFailedAllocation (Allocation Failure)
Event: 7082.852 Executing VM operation: ParallelGCFailedAllocation (Allocation Failure) done
Event: 7082.861 Executing VM operation: ParallelGCFailedAllocation (Allocation Failure)
Event: 7082.866 Executing VM operation: ParallelGCFailedAllocation (Allocation Failure) done
Event: 7082.911 Executing VM operation: ParallelGCFailedAllocation (Allocation Failure)
Event: 7082.919 Executing VM operation: ParallelGCFailedAllocation (Allocation Failure) done
Event: 7082.972 Executing VM operation: ParallelGCFailedAllocation (Allocation Failure)
Event: 7082.974 Executing VM operation: ParallelGCFailedAllocation (Allocation Failure) done
Event: 7083.015 Executing VM operation: ParallelGCFailedAllocation (Allocation Failure)
Event: 7084.024 Executing VM operation: ParallelGCFailedAllocation (Allocation Failure) done

Memory protections (0 events):
No events

Nmethod flushes (20 events):
Event: 10.690 Thread 0x0000018f777318f0 flushing  nmethod 0x0000018f009ca710
Event: 10.690 Thread 0x0000018f777318f0 flushing  nmethod 0x0000018f009dcb90
Event: 10.690 Thread 0x0000018f777318f0 flushing  nmethod 0x0000018f009ff110
Event: 10.690 Thread 0x0000018f777318f0 flushing  nmethod 0x0000018f009ff690
Event: 10.690 Thread 0x0000018f777318f0 flushing  nmethod 0x0000018f00a00590
Event: 10.690 Thread 0x0000018f777318f0 flushing  nmethod 0x0000018f00a00910
Event: 10.690 Thread 0x0000018f777318f0 flushing  nmethod 0x0000018f00a01810
Event: 10.690 Thread 0x0000018f777318f0 flushing  nmethod 0x0000018f00a01d10
Event: 10.690 Thread 0x0000018f777318f0 flushing  nmethod 0x0000018f00a1a190
Event: 10.690 Thread 0x0000018f777318f0 flushing  nmethod 0x0000018f00a1a690
Event: 10.690 Thread 0x0000018f777318f0 flushing  nmethod 0x0000018f00a1ac10
Event: 10.690 Thread 0x0000018f777318f0 flushing  nmethod 0x0000018f00a1e010
Event: 10.690 Thread 0x0000018f777318f0 flushing  nmethod 0x0000018f00a1e910
Event: 10.690 Thread 0x0000018f777318f0 flushing  nmethod 0x0000018f00a5fd90
Event: 10.690 Thread 0x0000018f777318f0 flushing  nmethod 0x0000018f00a60590
Event: 10.690 Thread 0x0000018f777318f0 flushing  nmethod 0x0000018f00a60c90
Event: 10.690 Thread 0x0000018f777318f0 flushing  nmethod 0x0000018f00a61090
Event: 10.690 Thread 0x0000018f777318f0 flushing  nmethod 0x0000018f00a61e10
Event: 10.690 Thread 0x0000018f777318f0 flushing  nmethod 0x0000018f00a66590
Event: 10.690 Thread 0x0000018f777318f0 flushing osr nmethod 0x0000018f00a6b610

Events (20 events):
Event: 4278.422 Thread 0x0000018f60a2ddf0 Thread exited: 0x0000018f60a2ddf0
Event: 4278.422 Thread 0x0000018f60a2e480 Thread exited: 0x0000018f60a2e480
Event: 4278.891 Thread 0x0000018f60a33340 Thread exited: 0x0000018f60a33340
Event: 4279.237 Thread 0x0000018f63d7a3a0 Thread exited: 0x0000018f63d7a3a0
Event: 7081.775 Thread 0x0000018f60a30be0 Thread added: 0x0000018f60a30550
Event: 7082.232 Thread 0x0000018f50289dd0 Thread added: 0x0000018f62e0d820
Event: 7082.468 Thread 0x0000018f62e0d820 Thread exited: 0x0000018f62e0d820
Event: 7082.496 Thread 0x0000018f60a30be0 Thread added: 0x0000018f60a2eb10
Event: 7082.497 Thread 0x0000018f60a30be0 Thread added: 0x0000018f60a2f1a0
Event: 7082.497 Thread 0x0000018f60a30be0 Thread added: 0x0000018f60a2ddf0
Event: 7082.497 Thread 0x0000018f60a30be0 Thread added: 0x0000018f60a31900
Event: 7082.498 Thread 0x0000018f60a30be0 Thread added: 0x0000018f60a2f830
Event: 7082.498 Thread 0x0000018f60a30be0 Thread added: 0x0000018f60a2e480
Event: 7082.498 Thread 0x0000018f60a30be0 Thread added: 0x0000018f60a32cb0
Event: 7082.498 Thread 0x0000018f60a30be0 Thread added: 0x0000018f60a33340
Event: 7082.498 Thread 0x0000018f60a30be0 Thread added: 0x0000018f60a31f90
Event: 7082.498 Thread 0x0000018f60a30be0 Thread added: 0x0000018f60a2fec0
Event: 7082.560 Thread 0x0000018f77626600 Thread added: 0x0000018f645f8cf0
Event: 7082.593 Thread 0x0000018f50289dd0 Thread added: 0x0000018f51ac1000
Event: 7082.800 Thread 0x0000018f60a30be0 Thread added: 0x0000018f60a339d0


Dynamic libraries:
0x00007ff7c48e0000 - 0x00007ff7c48ee000 	c:\Users\veera\.vscode\extensions\redhat.java-1.46.0-win32-x64\jre\21.0.8-win32-x86_64\bin\java.exe
0x00007ffa66600000 - 0x00007ffa66867000 	C:\WINDOWS\SYSTEM32\ntdll.dll
0x00007ffa64810000 - 0x00007ffa648d9000 	C:\WINDOWS\System32\KERNEL32.DLL
0x00007ffa63b40000 - 0x00007ffa63f30000 	C:\WINDOWS\System32\KERNELBASE.dll
0x00007ffa63730000 - 0x00007ffa6387b000 	C:\WINDOWS\System32\ucrtbase.dll
0x00007ffa29020000 - 0x00007ffa29038000 	c:\Users\veera\.vscode\extensions\redhat.java-1.46.0-win32-x64\jre\21.0.8-win32-x86_64\bin\jli.dll
0x00007ffa29040000 - 0x00007ffa2905e000 	c:\Users\veera\.vscode\extensions\redhat.java-1.46.0-win32-x64\jre\21.0.8-win32-x86_64\bin\VCRUNTIME140.dll
0x00007ffa64ea0000 - 0x00007ffa65065000 	C:\WINDOWS\System32\USER32.dll
0x00007ffa63fd0000 - 0x00007ffa63ff7000 	C:\WINDOWS\System32\win32u.dll
0x00007ffa474e0000 - 0x00007ffa4777a000 	C:\WINDOWS\WinSxS\amd64_microsoft.windows.common-controls_6595b64144ccf1df_6.0.26100.4768_none_3e0c112ce331287c\COMCTL32.dll
0x00007ffa66590000 - 0x00007ffa665bb000 	C:\WINDOWS\System32\GDI32.dll
0x00007ffa64c80000 - 0x00007ffa64d29000 	C:\WINDOWS\System32\msvcrt.dll
0x00007ffa63880000 - 0x00007ffa639b8000 	C:\WINDOWS\System32\gdi32full.dll
0x00007ffa642e0000 - 0x00007ffa64383000 	C:\WINDOWS\System32\msvcp_win.dll
0x00007ffa663b0000 - 0x00007ffa663df000 	C:\WINDOWS\System32\IMM32.DLL
0x0000000050090000 - 0x000000005009c000 	C:\Program Files (x86)\360\Total Security\safemon\SafeWrapper.dll
0x00007ffa65e60000 - 0x00007ffa65f14000 	C:\WINDOWS\System32\ADVAPI32.dll
0x00007ffa65c80000 - 0x00007ffa65d26000 	C:\WINDOWS\System32\sechost.dll
0x00007ffa643f0000 - 0x00007ffa64508000 	C:\WINDOWS\System32\RPCRT4.dll
0x00007ff9dea80000 - 0x00007ff9deb2c000 	C:\Program Files (x86)\360\Total Security\safemon\libzdtp64.dll
0x00007ffa65530000 - 0x00007ffa65c7d000 	C:\WINDOWS\System32\SHELL32.dll
0x00007ffa639c0000 - 0x00007ffa63b33000 	C:\WINDOWS\System32\wintypes.dll
0x00007ffa648f0000 - 0x00007ffa64c75000 	C:\WINDOWS\System32\combase.dll
0x00007ffa64d30000 - 0x00007ffa64d9a000 	C:\WINDOWS\System32\SHLWAPI.dll
0x00007ffa63010000 - 0x00007ffa6301b000 	C:\WINDOWS\SYSTEM32\VERSION.dll
0x00007ffa5ea40000 - 0x00007ffa5ea4c000 	c:\Users\veera\.vscode\extensions\redhat.java-1.46.0-win32-x64\jre\21.0.8-win32-x86_64\bin\vcruntime140_1.dll
0x00007ff9f3b80000 - 0x00007ff9f3c0d000 	c:\Users\veera\.vscode\extensions\redhat.java-1.46.0-win32-x64\jre\21.0.8-win32-x86_64\bin\msvcp140.dll
0x00007ff9dbd40000 - 0x00007ff9dcad7000 	c:\Users\veera\.vscode\extensions\redhat.java-1.46.0-win32-x64\jre\21.0.8-win32-x86_64\bin\server\jvm.dll
0x00007ffa65db0000 - 0x00007ffa65e24000 	C:\WINDOWS\System32\WS2_32.dll
0x00007ffa63590000 - 0x00007ffa635ee000 	C:\WINDOWS\SYSTEM32\POWRPROF.dll
0x00007ffa5b3b0000 - 0x00007ffa5b3e5000 	C:\WINDOWS\SYSTEM32\WINMM.dll
0x00007ffa63570000 - 0x00007ffa63584000 	C:\WINDOWS\SYSTEM32\UMPDC.dll
0x00007ffa62400000 - 0x00007ffa6241b000 	C:\WINDOWS\SYSTEM32\kernel.appcore.dll
0x00007ffa28f60000 - 0x00007ffa28f6a000 	c:\Users\veera\.vscode\extensions\redhat.java-1.46.0-win32-x64\jre\21.0.8-win32-x86_64\bin\jimage.dll
0x00007ffa55630000 - 0x00007ffa55871000 	C:\WINDOWS\SYSTEM32\DBGHELP.DLL
0x00007ffa64510000 - 0x00007ffa645f0000 	C:\WINDOWS\System32\OLEAUT32.dll
0x00007ffa4eb40000 - 0x00007ffa4eb83000 	C:\WINDOWS\SYSTEM32\dbgcore.DLL
0x00007ffa64000000 - 0x00007ffa64099000 	C:\WINDOWS\System32\bcryptPrimitives.dll
0x00007ff9f3c10000 - 0x00007ff9f3c1f000 	c:\Users\veera\.vscode\extensions\redhat.java-1.46.0-win32-x64\jre\21.0.8-win32-x86_64\bin\instrument.dll
0x00007ffa28f40000 - 0x00007ffa28f5f000 	c:\Users\veera\.vscode\extensions\redhat.java-1.46.0-win32-x64\jre\21.0.8-win32-x86_64\bin\java.dll
0x00007ffa61280000 - 0x00007ffa61ae0000 	C:\WINDOWS\SYSTEM32\windows.storage.dll
0x00007ffa65230000 - 0x00007ffa65325000 	C:\WINDOWS\System32\SHCORE.dll
0x00007ffa63650000 - 0x00007ffa63679000 	C:\WINDOWS\SYSTEM32\profapi.dll
0x00007ffa25e50000 - 0x00007ffa25e68000 	c:\Users\veera\.vscode\extensions\redhat.java-1.46.0-win32-x64\jre\21.0.8-win32-x86_64\bin\zip.dll
0x00007ffa26120000 - 0x00007ffa26130000 	C:\Users\veera\.vscode\extensions\redhat.java-1.46.0-win32-x64\jre\21.0.8-win32-x86_64\bin\net.dll
0x00007ffa5b090000 - 0x00007ffa5b1ae000 	C:\WINDOWS\SYSTEM32\WINHTTP.dll
0x00007ffa62970000 - 0x00007ffa629db000 	C:\WINDOWS\system32\mswsock.dll
0x00007ff9f3b30000 - 0x00007ff9f3b46000 	C:\Users\veera\.vscode\extensions\redhat.java-1.46.0-win32-x64\jre\21.0.8-win32-x86_64\bin\nio.dll
0x00007ff9f3b50000 - 0x00007ff9f3b60000 	c:\Users\veera\.vscode\extensions\redhat.java-1.46.0-win32-x64\jre\21.0.8-win32-x86_64\bin\verify.dll
0x00007ff9cc680000 - 0x00007ff9cc6c4000 	C:\Users\veera\AppData\Roaming\Code\User\globalStorage\redhat.java\1.46.0\config_win\org.eclipse.equinox.launcher\org.eclipse.equinox.launcher.win32.win32.x86_64_1.2.1400.v20250801-0854\eclipse_11916.dll
0x00007ffa65070000 - 0x00007ffa65210000 	C:\WINDOWS\System32\ole32.dll
0x00007ffa62d50000 - 0x00007ffa62d6b000 	C:\WINDOWS\SYSTEM32\CRYPTSP.dll
0x00007ffa62360000 - 0x00007ffa6239b000 	C:\WINDOWS\system32\rsaenh.dll
0x00007ffa62a10000 - 0x00007ffa62a3b000 	C:\WINDOWS\SYSTEM32\USERENV.dll
0x00007ffa63620000 - 0x00007ffa63646000 	C:\WINDOWS\SYSTEM32\bcrypt.dll
0x00007ffa62bb0000 - 0x00007ffa62bbc000 	C:\WINDOWS\SYSTEM32\CRYPTBASE.dll
0x00007ffa61df0000 - 0x00007ffa61e23000 	C:\WINDOWS\SYSTEM32\IPHLPAPI.DLL
0x00007ffa65220000 - 0x00007ffa6522a000 	C:\WINDOWS\System32\NSI.dll
0x00007ff9ca300000 - 0x00007ff9ca349000 	C:\Users\veera\AppData\Local\Temp\jna-112085061\jna12024527226276291323.dll
0x00007ffa648e0000 - 0x00007ffa648e8000 	C:\WINDOWS\System32\PSAPI.DLL
0x00007ffa5b340000 - 0x00007ffa5b35f000 	C:\WINDOWS\SYSTEM32\dhcpcsvc6.DLL
0x00007ffa58a90000 - 0x00007ffa58ab5000 	C:\WINDOWS\SYSTEM32\dhcpcsvc.DLL
0x00007ffa3e520000 - 0x00007ffa3e547000 	C:\Users\veera\.gradle\native\1def1411415f61bf3af743bc5b6707747c0891f09f0c88961ee8f79bc544acac\windows-amd64\native-platform.dll
0x00007ffa25e40000 - 0x00007ffa25e4a000 	C:\Users\veera\.vscode\extensions\redhat.java-1.46.0-win32-x64\jre\21.0.8-win32-x86_64\bin\management.dll
0x00007ff9f51d0000 - 0x00007ff9f51db000 	C:\Users\veera\.vscode\extensions\redhat.java-1.46.0-win32-x64\jre\21.0.8-win32-x86_64\bin\management_ext.dll

JVMTI agents:
c:\Users\veera\.vscode\extensions\redhat.java-1.46.0-win32-x64\lombok\lombok-1.18.39-4050.jar path:c:\Users\veera\.vscode\extensions\redhat.java-1.46.0-win32-x64\jre\21.0.8-win32-x86_64\bin\instrument.dll, loaded, initialized, instrumentlib options:none

dbghelp: loaded successfully - version: 4.0.5 - missing functions: none
symbol engine: initialized successfully - sym options: 0x614 - pdb path: .;c:\Users\veera\.vscode\extensions\redhat.java-1.46.0-win32-x64\jre\21.0.8-win32-x86_64\bin;C:\WINDOWS\SYSTEM32;C:\WINDOWS\WinSxS\amd64_microsoft.windows.common-controls_6595b64144ccf1df_6.0.26100.4768_none_3e0c112ce331287c;C:\Program Files (x86)\360\Total Security\safemon;c:\Users\veera\.vscode\extensions\redhat.java-1.46.0-win32-x64\jre\21.0.8-win32-x86_64\bin\server;C:\Users\veera\AppData\Roaming\Code\User\globalStorage\redhat.java\1.46.0\config_win\org.eclipse.equinox.launcher\org.eclipse.equinox.launcher.win32.win32.x86_64_1.2.1400.v20250801-0854;C:\Users\veera\AppData\Local\Temp\jna-112085061;C:\Users\veera\.gradle\native\1def1411415f61bf3af743bc5b6707747c0891f09f0c88961ee8f79bc544acac\windows-amd64

VM Arguments:
jvm_args: --add-modules=ALL-SYSTEM --add-opens=java.base/java.util=ALL-UNNAMED --add-opens=java.base/java.lang=ALL-UNNAMED --add-opens=java.base/sun.nio.fs=ALL-UNNAMED -Declipse.application=org.eclipse.jdt.ls.core.id1 -Dosgi.bundles.defaultStartLevel=4 -Declipse.product=org.eclipse.jdt.ls.core.product -Djava.import.generatesMetadataFilesAtProjectRoot=false -DDetectVMInstallationsJob.disabled=true -Dfile.encoding=utf8 -XX:+UseParallelGC -XX:GCTimeRatio=4 -XX:AdaptiveSizePolicyWeight=90 -Dsun.zip.disableMemoryMapping=true -Xmx2G -Xms100m -Xlog:disable -javaagent:c:\Users\veera\.vscode\extensions\redhat.java-1.46.0-win32-x64\lombok\lombok-1.18.39-4050.jar -XX:+HeapDumpOnOutOfMemoryError -XX:HeapDumpPath=c:\Users\veera\AppData\Roaming\Code\User\workspaceStorage\4664bf4f91756e4c6c0a358fac8c7134\redhat.java -Daether.dependencyCollector.impl=bf 
java_command: c:\Users\veera\.vscode\extensions\redhat.java-1.46.0-win32-x64\server\plugins\org.eclipse.equinox.launcher_1.7.0.v20250519-0528.jar -configuration c:\Users\veera\AppData\Roaming\Code\User\globalStorage\redhat.java\1.46.0\config_win -data c:\Users\veera\AppData\Roaming\Code\User\workspaceStorage\4664bf4f91756e4c6c0a358fac8c7134\redhat.java\jdt_ws --pipe=\\.\pipe\lsp-ccfa1676cafba985d230caf84243fb53-sock
java_class_path (initial): c:\Users\veera\.vscode\extensions\redhat.java-1.46.0-win32-x64\server\plugins\org.eclipse.equinox.launcher_1.7.0.v20250519-0528.jar
Launcher Type: SUN_STANDARD

[Global flags]
    uintx AdaptiveSizePolicyWeight                 = 90                                        {product} {command line}
     intx CICompilerCount                          = 4                                         {product} {ergonomic}
    uintx GCTimeRatio                              = 4                                         {product} {command line}
     bool HeapDumpOnOutOfMemoryError               = true                                   {manageable} {command line}
    ccstr HeapDumpPath                             = c:\Users\veera\AppData\Roaming\Code\User\workspaceStorage\4664bf4f91756e4c6c0a358fac8c7134\redhat.java         {manageable} {command line}
   size_t InitialHeapSize                          = 104857600                                 {product} {command line}
   size_t MaxHeapSize                              = 2147483648                                {product} {command line}
   size_t MaxNewSize                               = 715653120                                 {product} {ergonomic}
   size_t MinHeapDeltaBytes                        = 524288                                    {product} {ergonomic}
   size_t MinHeapSize                              = 104857600                                 {product} {command line}
   size_t NewSize                                  = 34603008                                  {product} {ergonomic}
    uintx NonNMethodCodeHeapSize                   = 5839372                                {pd product} {ergonomic}
    uintx NonProfiledCodeHeapSize                  = 122909434                              {pd product} {ergonomic}
   size_t OldSize                                  = 70254592                                  {product} {ergonomic}
    uintx ProfiledCodeHeapSize                     = 122909434                              {pd product} {ergonomic}
    uintx ReservedCodeCacheSize                    = 251658240                              {pd product} {ergonomic}
     bool SegmentedCodeCache                       = true                                      {product} {ergonomic}
   size_t SoftMaxHeapSize                          = 2147483648                             {manageable} {ergonomic}
     bool UseCompressedOops                        = true                           {product lp64_product} {ergonomic}
     bool UseLargePagesIndividualAllocation        = false                                  {pd product} {ergonomic}
     bool UseParallelGC                            = true                                      {product} {command line}

Logging:
Log output configuration:
 #0: stdout all=off uptime,level,tags foldmultilines=false
 #1: stderr all=off uptime,level,tags foldmultilines=false

Environment Variables:
JAVA_HOME=C:\Program Files\Java\jdk-17
PATH=C:\Program Files\Common Files\Oracle\Java\javapath;C:\WINDOWS\system32;C:\WINDOWS;C:\WINDOWS\System32\Wbem;C:\WINDOWS\System32\WindowsPowerShell\v1.0\;C:\WINDOWS\System32\OpenSSH\;C:\Program Files\Git\cmd;C:\Program Files\MySQL\MySQL Connector C++ 9.2\bin;C:\Program Files\MySQL\MySQL Connector C++ 9.2\include;C:\Program Files\nodejs\;C:\Program Files\Redis\;C:\adb\platform-tools;C:\xampp\php;C:\composer;C:\Program Files\Apache\apache-maven-3.9.9\bin;C:\Program Files\Java\jdk-17\bin;C:\Program Files\Docker\Docker\resources\bin;C:\php82;C:\Program Files\PuTTY\;C:\Program Files\cursor\resources\app\bin;C:\Android\tools;C:\Users\veera\AppData\Local\Programs\Python\Python313\Scripts\;C:\Users\veera\AppData\Local\Programs\Python\Python313\;C:\Users\veera\AppData\Local\Programs\Python\Launcher\;C:\Users\veera\AppData\Local\Programs\Python\Python312\Scripts\;C:\Users\veera\AppData\Local\Programs\Python\Python312\;C:\Users\veera\AppData\Local\Microsoft\WindowsApps;C:\Users\veera\AppData\Local\Programs\Microsoft VS Code\bin;C:\Users\veera\AppData\Roaming\npm;C:\Users\veera\AppData\Roaming\Composer\vendor\bin;C:\Program Files\Apache\apache-maven-3.9.9\bin;C:\Program Files\Java\jdk-17\bin;C:\mingw64\bin;C:\Android\cmdline-tools\latest\bin;C:\Android\platform-tools;C:\flutter\bin;C:\flutter;
USERNAME=veera
OS=Windows_NT
PROCESSOR_IDENTIFIER=AMD64 Family 25 Model 80 Stepping 0, AuthenticAMD
TMP=C:\Users\veera\AppData\Local\Temp
TEMP=C:\Users\veera\AppData\Local\Temp




Periodic native trim disabled

---------------  S Y S T E M  ---------------

OS:
 Windows 11 , 64 bit Build 26100 (10.0.26100.4768)
OS uptime: 0 days 1:59 hours
Hyper-V role detected

CPU: total 12 (initial active 12) (12 cores per cpu, 2 threads per core) family 25 model 80 stepping 0 microcode 0xa50000d, cx8, cmov, fxsr, ht, mmx, 3dnowpref, sse, sse2, sse3, ssse3, sse4a, sse4.1, sse4.2, popcnt, lzcnt, tsc, tscinvbit, avx, avx2, aes, erms, clmul, bmi1, bmi2, adx, sha, fma, vzeroupper, clflush, clflushopt, hv, rdtscp, rdpid, fsrm, f16c, cet_ss
Processor Information for the first 12 processors :
  Max Mhz: 3301, Current Mhz: 3301, Mhz Limit: 3301

Memory: 4k page, system-wide physical 7521M (497M free)
TotalPageFile size 31073M (AvailPageFile size 20M)
current process WorkingSet (physical memory assigned to process): 243M, peak: 427M
current process commit charge ("private bytes"): 695M, peak: 695M

vm_info: OpenJDK 64-Bit Server VM (21.0.8+9-LTS) for windows-amd64 JRE (21.0.8+9-LTS), built on 2025-07-15T00:00:00Z by "admin" with MS VC++ 17.7 (VS2022)

END.
